#
# There is insufficient memory for the Java Runtime Environment to continue.
# Native memory allocation (malloc) failed to allocate 975536 bytes for Chunk::new
# Possible reasons:
#   The system is out of physical RAM or swap space
#   The process is running with CompressedOops enabled, and the Java Heap may be blocking the growth of the native heap
# Possible solutions:
#   Reduce memory load on the system
#   Increase physical memory or swap space
#   Check if swap backing store is full
#   Decrease Java heap size (-Xmx/-Xms)
#   Decrease number of Java threads
#   Decrease Java thread stack sizes (-Xss)
#   Set larger code cache with -XX:ReservedCodeCacheSize=
#   JVM is running with Zero Based Compressed Oops mode in which the Java heap is
#     placed in the first 32GB address space. The Java Heap base address is the
#     maximum limit for the native heap growth. Please use -XX:HeapBaseMinAddress
#     to set the Java Heap base and to place the Java Heap above 32GB virtual address.
# This output file may be truncated or incomplete.
#
#  Out of Memory Error (arena.cpp:189), pid=6580, tid=5728
#
# JRE version: Java(TM) SE Runtime Environment (17.0.10+11) (build 17.0.10+11-LTS-240)
# Java VM: Java HotSpot(TM) 64-Bit Server VM (17.0.10+11-LTS-240, mixed mode, sharing, tiered, compressed oops, compressed class ptrs, g1 gc, windows-amd64)
# No core dump will be written. Minidumps are not enabled by default on client versions of Windows
#

---------------  S U M M A R Y ------------

Command Line: --add-opens=java.base/java.util=ALL-UNNAMED --add-opens=java.base/java.lang=ALL-UNNAMED --add-opens=java.base/java.lang.invoke=ALL-UNNAMED --add-opens=java.prefs/java.util.prefs=ALL-UNNAMED --add-opens=java.base/java.nio.charset=ALL-UNNAMED --add-opens=java.base/java.net=ALL-UNNAMED --add-opens=java.base/java.util.concurrent.atomic=ALL-UNNAMED -Xmx4G -Dfile.encoding=windows-1252 -Duser.country=US -Duser.language=en -Duser.variant org.gradle.launcher.daemon.bootstrap.GradleDaemon 7.6.3

Host: Intel(R) Core(TM) i3-1005G1 CPU @ 1.20GHz, 4 cores, 3G,  Windows 11 , 64 bit Build 22621 (10.0.22621.3527)
Time: Mon Jun  3 20:54:08 2024 SE Asia Standard Time elapsed time: 14.635251 seconds (0d 0h 0m 14s)

---------------  T H R E A D  ---------------

Current thread (0x000001fcafdd8c50):  JavaThread "C2 CompilerThread0" daemon [_thread_in_native, id=5728, stack(0x0000001381f00000,0x0000001382000000)]


Current CompileTask:
C2:  14635 4333       4       jdk.internal.org.objectweb.asm.Frame::execute (2305 bytes)

Stack: [0x0000001381f00000,0x0000001382000000]
Native frames: (J=compiled Java code, j=interpreted, Vv=VM code, C=native code)
V  [jvm.dll+0x677a5a]
V  [jvm.dll+0x7d8b2d]
V  [jvm.dll+0x7da48e]
V  [jvm.dll+0x7daaf3]
V  [jvm.dll+0x2455ff]
V  [jvm.dll+0xaaafb]
V  [jvm.dll+0xab09c]
V  [jvm.dll+0x2aafef]
V  [jvm.dll+0x57fd55]
V  [jvm.dll+0x220472]
V  [jvm.dll+0x21954d]
V  [jvm.dll+0x216c79]
V  [jvm.dll+0x1a3410]
V  [jvm.dll+0x226aeb]
V  [jvm.dll+0x224cab]
V  [jvm.dll+0x78e45c]
V  [jvm.dll+0x78888a]
V  [jvm.dll+0x676935]
C  [ucrtbase.dll+0x29333]
C  [KERNEL32.DLL+0x1257d]
C  [ntdll.dll+0x5aa48]


---------------  P R O C E S S  ---------------

Threads class SMR info:
_java_thread_list=0x000001fcf5bda260, length=39, elements={
0x000001fc8b81cfa0, 0x000001fcafdb9b80, 0x000001fcafdbab50, 0x000001fcafdd0930,
0x000001fcafdd2500, 0x000001fcafdd50d0, 0x000001fcafdd7aa0, 0x000001fcafdd8c50,
0x000001fcafdd9b10, 0x000001fcafdf3ac0, 0x000001fcf50c3910, 0x000001fcf50c5c80,
0x000001fcf50c4840, 0x000001fcf50c5260, 0x000001fcf50c5770, 0x000001fcf50c4330,
0x000001fcf50c6190, 0x000001fcf50c3e20, 0x000001fcf50c4d50, 0x000001fcf50c66a0,
0x000001fcf50c6bb0, 0x000001fcf50c70c0, 0x000001fcf52f0980, 0x000001fcf52f0e90,
0x000001fcf52eccc0, 0x000001fcf52ec7b0, 0x000001fcf52ee610, 0x000001fcf52f27e0,
0x000001fcf52f3710, 0x000001fcf52ed1d0, 0x000001fcf52f2cf0, 0x000001fcf52eff60,
0x000001fcf52ee100, 0x000001fcf52edbf0, 0x000001fcf52ed6e0, 0x000001fcf52ec2a0,
0x000001fcf52f3200, 0x000001fcf52f22d0, 0x000001fcf52ef030
}

Java Threads: ( => current thread )
  0x000001fc8b81cfa0 JavaThread "main" [_thread_blocked, id=256, stack(0x0000001381200000,0x0000001381300000)]
  0x000001fcafdb9b80 JavaThread "Reference Handler" daemon [_thread_blocked, id=6084, stack(0x0000001381900000,0x0000001381a00000)]
  0x000001fcafdbab50 JavaThread "Finalizer" daemon [_thread_blocked, id=9648, stack(0x0000001381a00000,0x0000001381b00000)]
  0x000001fcafdd0930 JavaThread "Signal Dispatcher" daemon [_thread_blocked, id=7296, stack(0x0000001381b00000,0x0000001381c00000)]
  0x000001fcafdd2500 JavaThread "Attach Listener" daemon [_thread_blocked, id=3140, stack(0x0000001381c00000,0x0000001381d00000)]
  0x000001fcafdd50d0 JavaThread "Service Thread" daemon [_thread_blocked, id=14708, stack(0x0000001381d00000,0x0000001381e00000)]
  0x000001fcafdd7aa0 JavaThread "Monitor Deflation Thread" daemon [_thread_blocked, id=10776, stack(0x0000001381e00000,0x0000001381f00000)]
=>0x000001fcafdd8c50 JavaThread "C2 CompilerThread0" daemon [_thread_in_native, id=5728, stack(0x0000001381f00000,0x0000001382000000)]
  0x000001fcafdd9b10 JavaThread "C1 CompilerThread0" daemon [_thread_blocked, id=5004, stack(0x0000001382000000,0x0000001382100000)]
  0x000001fcafdf3ac0 JavaThread "Sweeper thread" daemon [_thread_blocked, id=9860, stack(0x0000001382100000,0x0000001382200000)]
  0x000001fcf50c3910 JavaThread "Common-Cleaner" daemon [_thread_blocked, id=12016, stack(0x0000001382200000,0x0000001382300000)]
  0x000001fcf50c5c80 JavaThread "Notification Thread" daemon [_thread_blocked, id=6924, stack(0x0000001382300000,0x0000001382400000)]
  0x000001fcf50c4840 JavaThread "Daemon health stats" [_thread_blocked, id=2528, stack(0x0000001382800000,0x0000001382900000)]
  0x000001fcf50c5260 JavaThread "Incoming local TCP Connector on port 4043" [_thread_in_native, id=14728, stack(0x0000001382900000,0x0000001382a00000)]
  0x000001fcf50c5770 JavaThread "Daemon periodic checks" [_thread_blocked, id=12980, stack(0x0000001382a00000,0x0000001382b00000)]
  0x000001fcf50c4330 JavaThread "Daemon" [_thread_blocked, id=8844, stack(0x0000001382b00000,0x0000001382c00000)]
  0x000001fcf50c6190 JavaThread "Handler for socket connection from /127.0.0.1:4043 to /127.0.0.1:4044" [_thread_in_native, id=8228, stack(0x0000001382c00000,0x0000001382d00000)]
  0x000001fcf50c3e20 JavaThread "Cancel handler" [_thread_blocked, id=11320, stack(0x0000001382d00000,0x0000001382e00000)]
  0x000001fcf50c4d50 JavaThread "Daemon worker" [_thread_in_vm, id=4088, stack(0x0000001382e00000,0x0000001382f00000)]
  0x000001fcf50c66a0 JavaThread "Asynchronous log dispatcher for DefaultDaemonConnection: socket connection from /127.0.0.1:4043 to /127.0.0.1:4044" [_thread_blocked, id=15176, stack(0x0000001382f00000,0x0000001383000000)]
  0x000001fcf50c6bb0 JavaThread "Stdin handler" [_thread_blocked, id=15316, stack(0x0000001383000000,0x0000001383100000)]
  0x000001fcf50c70c0 JavaThread "Daemon client event forwarder" [_thread_blocked, id=6788, stack(0x0000001383100000,0x0000001383200000)]
  0x000001fcf52f0980 JavaThread "Cache worker for journal cache (C:\Users\ASUS-PC\.gradle\caches\journal-1)" [_thread_blocked, id=12552, stack(0x0000001383200000,0x0000001383300000)]
  0x000001fcf52f0e90 JavaThread "File lock request listener" [_thread_in_native, id=12604, stack(0x0000001383300000,0x0000001383400000)]
  0x000001fcf52eccc0 JavaThread "Cache worker for file hash cache (C:\Users\ASUS-PC\.gradle\caches\7.6.3\fileHashes)" [_thread_blocked, id=15288, stack(0x0000001383400000,0x0000001383500000)]
  0x000001fcf52ec7b0 JavaThread "File watcher server" daemon [_thread_in_native, id=4492, stack(0x0000001383500000,0x0000001383600000)]
  0x000001fcf52ee610 JavaThread "File watcher consumer" daemon [_thread_blocked, id=4300, stack(0x0000001383600000,0x0000001383700000)]
  0x000001fcf52f27e0 JavaThread "Cache worker for checksums cache (D:\sitabung_proyek3\android\.gradle\7.6.3\checksums)" [_thread_blocked, id=6156, stack(0x0000001383700000,0x0000001383800000)]
  0x000001fcf52f3710 JavaThread "Cache worker for cache directory md-rule (C:\Users\ASUS-PC\.gradle\caches\7.6.3\md-rule)" [_thread_blocked, id=13848, stack(0x0000001383800000,0x0000001383900000)]
  0x000001fcf52ed1d0 JavaThread "Cache worker for file content cache (C:\Users\ASUS-PC\.gradle\caches\7.6.3\fileContent)" [_thread_blocked, id=10948, stack(0x0000001383900000,0x0000001383a00000)]
  0x000001fcf52f2cf0 JavaThread "Cache worker for file hash cache (D:\sitabung_proyek3\android\.gradle\7.6.3\fileHashes)" [_thread_blocked, id=13916, stack(0x0000001383a00000,0x0000001383b00000)]
  0x000001fcf52eff60 JavaThread "Cache worker for cache directory md-supplier (C:\Users\ASUS-PC\.gradle\caches\7.6.3\md-supplier)" [_thread_blocked, id=12480, stack(0x0000001383b00000,0x0000001383c00000)]
  0x000001fcf52ee100 JavaThread "Cache worker for execution history cache (C:\Users\ASUS-PC\.gradle\caches\7.6.3\executionHistory)" [_thread_blocked, id=5380, stack(0x0000001383c00000,0x0000001383d00000)]
  0x000001fcf52edbf0 JavaThread "jar transforms" [_thread_blocked, id=13464, stack(0x0000001383d00000,0x0000001383e00000)]
  0x000001fcf52ed6e0 JavaThread "Cache worker for kotlin-dsl (C:\Users\ASUS-PC\.gradle\caches\7.6.3\kotlin-dsl)" [_thread_blocked, id=4336, stack(0x0000001383e00000,0x0000001383f00000)]
  0x000001fcf52ec2a0 JavaThread "jar transforms Thread 2" [_thread_blocked, id=14220, stack(0x0000001383f00000,0x0000001384000000)]
  0x000001fcf52f3200 JavaThread "Cache worker for dependencies-accessors (D:\sitabung_proyek3\android\.gradle\7.6.3\dependencies-accessors)" [_thread_blocked, id=13088, stack(0x0000001384000000,0x0000001384100000)]
  0x000001fcf52f22d0 JavaThread "Cache worker for Build Output Cleanup Cache (D:\flutter\packages\flutter_tools\gradle\.gradle\buildOutputCleanup)" [_thread_blocked, id=6960, stack(0x0000001384100000,0x0000001384200000)]
  0x000001fcf52ef030 JavaThread "jar transforms Thread 3" [_thread_blocked, id=13140, stack(0x0000001384200000,0x0000001384300000)]

Other Threads:
  0x000001fcafdb60e0 VMThread "VM Thread" [stack: 0x0000001381800000,0x0000001381900000] [id=2384]
  0x000001fcafdbf2a0 WatcherThread [stack: 0x0000001382400000,0x0000001382500000] [id=13932]
  0x000001fc8b991030 GCTaskThread "GC Thread#0" [stack: 0x0000001381300000,0x0000001381400000] [id=9640]
  0x000001fcf536eba0 GCTaskThread "GC Thread#1" [stack: 0x0000001382500000,0x0000001382600000] [id=6296]
  0x000001fcf5427630 GCTaskThread "GC Thread#2" [stack: 0x0000001382600000,0x0000001382700000] [id=8784]
  0x000001fcf5bf7660 GCTaskThread "GC Thread#3" [stack: 0x0000001382700000,0x0000001382800000] [id=8452]
  0x000001fc8b9a1f80 ConcurrentGCThread "G1 Main Marker" [stack: 0x0000001381400000,0x0000001381500000] [id=9336]
  0x000001fc8b9a3130 ConcurrentGCThread "G1 Conc#0" [stack: 0x0000001381500000,0x0000001381600000] [id=8160]
  0x000001fc8b9db610 ConcurrentGCThread "G1 Refine#0" [stack: 0x0000001381600000,0x0000001381700000] [id=4648]
  0x000001fcafc801f0 ConcurrentGCThread "G1 Service" [stack: 0x0000001381700000,0x0000001381800000] [id=14532]

Threads with active compile tasks:
C2 CompilerThread0    14680 4333       4       jdk.internal.org.objectweb.asm.Frame::execute (2305 bytes)

VM state: not at safepoint (normal execution)

VM Mutex/Monitor currently owned by a thread: None

Heap address: 0x0000000700000000, size: 4096 MB, Compressed Oops mode: Zero based, Oop shift amount: 3

CDS archive(s) mapped at: [0x000001fcb0000000-0x000001fcb0bd0000-0x000001fcb0bd0000), size 12386304, SharedBaseAddress: 0x000001fcb0000000, ArchiveRelocationMode: 1.
Compressed class space mapped at: 0x000001fcb1000000-0x000001fcf1000000, reserved size: 1073741824
Narrow klass base: 0x000001fcb0000000, Narrow klass shift: 0, Narrow klass range: 0x100000000

GC Precious Log:
 CPUs: 4 total, 4 available
 Memory: 3834M
 Large Page Support: Disabled
 NUMA Support: Disabled
 Compressed Oops: Enabled (Zero based)
 Heap Region Size: 2M
 Heap Min Capacity: 8M
 Heap Initial Capacity: 60M
 Heap Max Capacity: 4G
 Pre-touch: Disabled
 Parallel Workers: 4
 Concurrent Workers: 1
 Concurrent Refinement Workers: 4
 Periodic GC: Disabled

Heap:
 garbage-first heap   total 61440K, used 45637K [0x0000000700000000, 0x0000000800000000)
  region size 2048K, 8 young (16384K), 1 survivors (2048K)
 Metaspace       used 37739K, committed 38208K, reserved 1114112K
  class space    used 5253K, committed 5440K, reserved 1048576K

Heap Regions: E=young(eden), S=young(survivor), O=old, HS=humongous(starts), HC=humongous(continues), CS=collection set, F=free, OA=open archive, CA=closed archive, TAMS=top-at-mark-start (previous, next)
|   0|0x0000000700000000, 0x0000000700200000, 0x0000000700200000|100%| O|  |TAMS 0x0000000700200000, 0x0000000700000000| Untracked 
|   1|0x0000000700200000, 0x0000000700400000, 0x0000000700400000|100%|HS|  |TAMS 0x0000000700400000, 0x0000000700200000| Complete 
|   2|0x0000000700400000, 0x0000000700600000, 0x0000000700600000|100%|HC|  |TAMS 0x0000000700600000, 0x0000000700400000| Complete 
|   3|0x0000000700600000, 0x0000000700800000, 0x0000000700800000|100%| O|  |TAMS 0x0000000700800000, 0x0000000700600000| Untracked 
|   4|0x0000000700800000, 0x0000000700a00000, 0x0000000700a00000|100%| O|  |TAMS 0x0000000700a00000, 0x0000000700800000| Untracked 
|   5|0x0000000700a00000, 0x0000000700c00000, 0x0000000700c00000|100%| O|  |TAMS 0x0000000700c00000, 0x0000000700a00000| Untracked 
|   6|0x0000000700c00000, 0x0000000700e00000, 0x0000000700e00000|100%| O|  |TAMS 0x0000000700e00000, 0x0000000700c00000| Untracked 
|   7|0x0000000700e00000, 0x0000000701000000, 0x0000000701000000|100%| O|  |TAMS 0x0000000701000000, 0x0000000700e00000| Untracked 
|   8|0x0000000701000000, 0x0000000701200000, 0x0000000701200000|100%| O|  |TAMS 0x0000000701200000, 0x0000000701000000| Untracked 
|   9|0x0000000701200000, 0x0000000701400000, 0x0000000701400000|100%| O|  |TAMS 0x0000000701400000, 0x0000000701200000| Untracked 
|  10|0x0000000701400000, 0x0000000701600000, 0x0000000701600000|100%| O|  |TAMS 0x0000000701600000, 0x0000000701400000| Untracked 
|  11|0x0000000701600000, 0x0000000701800000, 0x0000000701800000|100%| O|  |TAMS 0x0000000701800000, 0x0000000701600000| Untracked 
|  12|0x0000000701800000, 0x0000000701a00000, 0x0000000701a00000|100%| O|  |TAMS 0x0000000701a00000, 0x0000000701800000| Untracked 
|  13|0x0000000701a00000, 0x0000000701c00000, 0x0000000701c00000|100%| O|  |TAMS 0x0000000701c00000, 0x0000000701a00000| Untracked 
|  14|0x0000000701c00000, 0x0000000701e00000, 0x0000000701e00000|100%| O|  |TAMS 0x0000000701dbca00, 0x0000000701c00000| Untracked 
|  15|0x0000000701e00000, 0x0000000701f08400, 0x0000000702000000| 51%| O|  |TAMS 0x0000000701e00000, 0x0000000701e00000| Untracked 
|  16|0x0000000702000000, 0x0000000702000000, 0x0000000702200000|  0%| F|  |TAMS 0x0000000702000000, 0x0000000702000000| Untracked 
|  17|0x0000000702200000, 0x0000000702200000, 0x0000000702400000|  0%| F|  |TAMS 0x0000000702200000, 0x0000000702200000| Untracked 
|  18|0x0000000702400000, 0x0000000702400000, 0x0000000702600000|  0%| F|  |TAMS 0x0000000702400000, 0x0000000702400000| Untracked 
|  19|0x0000000702600000, 0x0000000702600000, 0x0000000702800000|  0%| F|  |TAMS 0x0000000702600000, 0x0000000702600000| Untracked 
|  20|0x0000000702800000, 0x0000000702800000, 0x0000000702a00000|  0%| F|  |TAMS 0x0000000702800000, 0x0000000702800000| Untracked 
|  21|0x0000000702a00000, 0x0000000702b89148, 0x0000000702c00000| 76%| S|CS|TAMS 0x0000000702a00000, 0x0000000702a00000| Complete 
|  22|0x0000000702c00000, 0x0000000702c00000, 0x0000000702e00000|  0%| F|  |TAMS 0x0000000702c00000, 0x0000000702c00000| Untracked 
|  23|0x0000000702e00000, 0x0000000702f61298, 0x0000000703000000| 68%| E|  |TAMS 0x0000000702e00000, 0x0000000702e00000| Complete 
|  24|0x0000000703000000, 0x0000000703200000, 0x0000000703200000|100%| E|CS|TAMS 0x0000000703000000, 0x0000000703000000| Complete 
|  25|0x0000000703200000, 0x0000000703400000, 0x0000000703400000|100%| E|CS|TAMS 0x0000000703200000, 0x0000000703200000| Complete 
|  26|0x0000000703400000, 0x0000000703600000, 0x0000000703600000|100%| E|CS|TAMS 0x0000000703400000, 0x0000000703400000| Complete 
|  27|0x0000000703600000, 0x0000000703800000, 0x0000000703800000|100%| E|CS|TAMS 0x0000000703600000, 0x0000000703600000| Complete 
|  28|0x0000000703800000, 0x0000000703a00000, 0x0000000703a00000|100%| E|CS|TAMS 0x0000000703800000, 0x0000000703800000| Complete 
|  29|0x0000000703a00000, 0x0000000703c00000, 0x0000000703c00000|100%| E|CS|TAMS 0x0000000703a00000, 0x0000000703a00000| Complete 

Card table byte_map: [0x000001fca4820000,0x000001fca5020000] _byte_map_base: 0x000001fca1020000

Marking Bits (Prev, Next): (CMBitMap*) 0x000001fc8b991650, (CMBitMap*) 0x000001fc8b991690
 Prev Bits: [0x000001fca5820000, 0x000001fca9820000)
 Next Bits: [0x000001fca9820000, 0x000001fcad820000)

Polling page: 0x000001fc8b6f0000

Metaspace:

Usage:
  Non-class:     31.73 MB used.
      Class:      5.13 MB used.
       Both:     36.86 MB used.

Virtual space:
  Non-class space:       64.00 MB reserved,      32.00 MB ( 50%) committed,  1 nodes.
      Class space:        1.00 GB reserved,       5.31 MB ( <1%) committed,  1 nodes.
             Both:        1.06 GB reserved,      37.31 MB (  3%) committed. 

Chunk freelists:
   Non-Class:  15.80 MB
       Class:  10.69 MB
        Both:  26.49 MB

MaxMetaspaceSize: unlimited
CompressedClassSpaceSize: 1.00 GB
Initial GC threshold: 21.00 MB
Current GC threshold: 57.00 MB
CDS: on
MetaspaceReclaimPolicy: balanced
 - commit_granule_bytes: 65536.
 - commit_granule_words: 8192.
 - virtual_space_node_default_size: 8388608.
 - enlarge_chunks_in_place: 1.
 - new_chunks_are_fully_committed: 0.
 - uncommit_free_chunks: 1.
 - use_allocation_guard: 0.
 - handle_deallocations: 1.


Internal statistics:

num_allocs_failed_limit: 3.
num_arena_births: 506.
num_arena_deaths: 0.
num_vsnodes_births: 2.
num_vsnodes_deaths: 0.
num_space_committed: 597.
num_space_uncommitted: 0.
num_chunks_returned_to_freelist: 3.
num_chunks_taken_from_freelist: 1893.
num_chunk_merges: 0.
num_chunk_splits: 1275.
num_chunks_enlarged: 908.
num_inconsistent_stats: 0.

CodeHeap 'non-profiled nmethods': size=120000Kb used=2244Kb max_used=2244Kb free=117755Kb
 bounds [0x000001fc9c4d0000, 0x000001fc9c740000, 0x000001fca3a00000]
CodeHeap 'profiled nmethods': size=120000Kb used=9384Kb max_used=9384Kb free=110615Kb
 bounds [0x000001fc94a00000, 0x000001fc95330000, 0x000001fc9bf30000]
CodeHeap 'non-nmethods': size=5760Kb used=2312Kb max_used=2349Kb free=3447Kb
 bounds [0x000001fc9bf30000, 0x000001fc9c1a0000, 0x000001fc9c4d0000]
 total_blobs=5203 nmethods=4394 adapters=721
 compilation: enabled
              stopped_count=0, restarted_count=0
 full_count=0

Compilation events (20 events):
Event: 14.538 Thread 0x000001fcafdd8c50 nmethod 4322 0x000001fc9c6fd990 code [0x000001fc9c6fdca0, 0x000001fc9c6ffd70]
Event: 14.538 Thread 0x000001fcafdd8c50 4333       4       jdk.internal.org.objectweb.asm.Frame::execute (2305 bytes)
Event: 14.543 Thread 0x000001fcafdd9b10 4375       3       com.google.common.collect.MapMakerInternalMap::segmentFor (17 bytes)
Event: 14.543 Thread 0x000001fcafdd9b10 nmethod 4375 0x000001fc95317010 code [0x000001fc953171a0, 0x000001fc953172f8]
Event: 14.551 Thread 0x000001fcafdd9b10 4376       3       sun.reflect.generics.reflectiveObjects.WildcardTypeImpl::getLowerBounds (34 bytes)
Event: 14.551 Thread 0x000001fcafdd9b10 nmethod 4376 0x000001fc95317410 code [0x000001fc953175e0, 0x000001fc95317c78]
Event: 14.555 Thread 0x000001fcafdd9b10 4377       3       org.gradle.cache.internal.DefaultCrossBuildInMemoryCacheFactory$AbstractCrossBuildInMemoryCache::getIfPresentWithoutLock (43 bytes)
Event: 14.555 Thread 0x000001fcafdd9b10 nmethod 4377 0x000001fc95317d90 code [0x000001fc95317f60, 0x000001fc953183c8]
Event: 14.558 Thread 0x000001fcafdd9b10 4378       3       org.gradle.internal.instantiation.generator.AbstractClassGenerator$ClassGenerationHandler::<init> (5 bytes)
Event: 14.558 Thread 0x000001fcafdd9b10 nmethod 4378 0x000001fc95318510 code [0x000001fc953186c0, 0x000001fc95318878]
Event: 14.565 Thread 0x000001fcafdd9b10 4379       3       org.gradle.model.internal.asm.MethodVisitorScope::_ARETURN (8 bytes)
Event: 14.565 Thread 0x000001fcafdd9b10 nmethod 4379 0x000001fc95318990 code [0x000001fc95318b40, 0x000001fc95318dc8]
Event: 14.565 Thread 0x000001fcafdd9b10 4380       3       org.gradle.model.internal.asm.ClassVisitorScope::addGetter (18 bytes)
Event: 14.566 Thread 0x000001fcafdd9b10 nmethod 4380 0x000001fc95318f10 code [0x000001fc95319120, 0x000001fc95319d18]
Event: 14.566 Thread 0x000001fcafdd9b10 4381       3       org.gradle.model.internal.asm.ClassVisitorScope$$Lambda$145/0x000001fcb1256690::<init> (20 bytes)
Event: 14.566 Thread 0x000001fcafdd9b10 nmethod 4381 0x000001fc95319f90 code [0x000001fc9531a140, 0x000001fc9531a3d8]
Event: 14.566 Thread 0x000001fcafdd9b10 4382       3       org.objectweb.asm.Type::getSize (86 bytes)
Event: 14.566 Thread 0x000001fcafdd9b10 nmethod 4382 0x000001fc9531a490 code [0x000001fc9531a640, 0x000001fc9531aa08]
Event: 14.570 Thread 0x000001fcafdd9b10 4383       3       java.lang.invoke.MethodType::methodType (7 bytes)
Event: 14.571 Thread 0x000001fcafdd9b10 nmethod 4383 0x000001fc9531ab10 code [0x000001fc9531aca0, 0x000001fc9531adc8]

GC Heap History (20 events):
Event: 9.636 GC heap before
{Heap before GC invocations=7 (full 0):
 garbage-first heap   total 61440K, used 37780K [0x0000000700000000, 0x0000000800000000)
  region size 2048K, 11 young (22528K), 2 survivors (4096K)
 Metaspace       used 21171K, committed 21504K, reserved 1114112K
  class space    used 3131K, committed 3328K, reserved 1048576K
}
Event: 9.641 GC heap after
{Heap after GC invocations=8 (full 0):
 garbage-first heap   total 61440K, used 22174K [0x0000000700000000, 0x0000000800000000)
  region size 2048K, 2 young (4096K), 2 survivors (4096K)
 Metaspace       used 21171K, committed 21504K, reserved 1114112K
  class space    used 3131K, committed 3328K, reserved 1048576K
}
Event: 10.482 GC heap before
{Heap before GC invocations=9 (full 0):
 garbage-first heap   total 61440K, used 44702K [0x0000000700000000, 0x0000000800000000)
  region size 2048K, 13 young (26624K), 2 survivors (4096K)
 Metaspace       used 24792K, committed 25088K, reserved 1114112K
  class space    used 3644K, committed 3776K, reserved 1048576K
}
Event: 10.488 GC heap after
{Heap after GC invocations=10 (full 0):
 garbage-first heap   total 61440K, used 23838K [0x0000000700000000, 0x0000000800000000)
  region size 2048K, 2 young (4096K), 2 survivors (4096K)
 Metaspace       used 24792K, committed 25088K, reserved 1114112K
  class space    used 3644K, committed 3776K, reserved 1048576K
}
Event: 11.390 GC heap before
{Heap before GC invocations=10 (full 0):
 garbage-first heap   total 61440K, used 42270K [0x0000000700000000, 0x0000000800000000)
  region size 2048K, 12 young (24576K), 2 survivors (4096K)
 Metaspace       used 28740K, committed 29056K, reserved 1114112K
  class space    used 4034K, committed 4224K, reserved 1048576K
}
Event: 11.397 GC heap after
{Heap after GC invocations=11 (full 0):
 garbage-first heap   total 61440K, used 27096K [0x0000000700000000, 0x0000000800000000)
  region size 2048K, 2 young (4096K), 2 survivors (4096K)
 Metaspace       used 28740K, committed 29056K, reserved 1114112K
  class space    used 4034K, committed 4224K, reserved 1048576K
}
Event: 12.059 GC heap before
{Heap before GC invocations=11 (full 0):
 garbage-first heap   total 61440K, used 43480K [0x0000000700000000, 0x0000000800000000)
  region size 2048K, 11 young (22528K), 2 survivors (4096K)
 Metaspace       used 30109K, committed 30464K, reserved 1114112K
  class space    used 4226K, committed 4416K, reserved 1048576K
}
Event: 12.067 GC heap after
{Heap after GC invocations=12 (full 0):
 garbage-first heap   total 61440K, used 29882K [0x0000000700000000, 0x0000000800000000)
  region size 2048K, 2 young (4096K), 2 survivors (4096K)
 Metaspace       used 30109K, committed 30464K, reserved 1114112K
  class space    used 4226K, committed 4416K, reserved 1048576K
}
Event: 12.071 GC heap before
{Heap before GC invocations=12 (full 0):
 garbage-first heap   total 61440K, used 29882K [0x0000000700000000, 0x0000000800000000)
  region size 2048K, 3 young (6144K), 2 survivors (4096K)
 Metaspace       used 30109K, committed 30464K, reserved 1114112K
  class space    used 4226K, committed 4416K, reserved 1048576K
}
Event: 12.074 GC heap after
{Heap after GC invocations=13 (full 0):
 garbage-first heap   total 61440K, used 30329K [0x0000000700000000, 0x0000000800000000)
  region size 2048K, 1 young (2048K), 1 survivors (2048K)
 Metaspace       used 30109K, committed 30464K, reserved 1114112K
  class space    used 4226K, committed 4416K, reserved 1048576K
}
Event: 12.374 GC heap before
{Heap before GC invocations=14 (full 0):
 garbage-first heap   total 61440K, used 44665K [0x0000000700000000, 0x0000000800000000)
  region size 2048K, 7 young (14336K), 1 survivors (2048K)
 Metaspace       used 31435K, committed 31808K, reserved 1114112K
  class space    used 4329K, committed 4480K, reserved 1048576K
}
Event: 12.377 GC heap after
{Heap after GC invocations=15 (full 0):
 garbage-first heap   total 61440K, used 30456K [0x0000000700000000, 0x0000000800000000)
  region size 2048K, 1 young (2048K), 1 survivors (2048K)
 Metaspace       used 31435K, committed 31808K, reserved 1114112K
  class space    used 4329K, committed 4480K, reserved 1048576K
}
Event: 12.577 GC heap before
{Heap before GC invocations=15 (full 0):
 garbage-first heap   total 61440K, used 42744K [0x0000000700000000, 0x0000000800000000)
  region size 2048K, 7 young (14336K), 1 survivors (2048K)
 Metaspace       used 31849K, committed 32256K, reserved 1114112K
  class space    used 4404K, committed 4608K, reserved 1048576K
}
Event: 12.581 GC heap after
{Heap after GC invocations=16 (full 0):
 garbage-first heap   total 61440K, used 31256K [0x0000000700000000, 0x0000000800000000)
  region size 2048K, 1 young (2048K), 1 survivors (2048K)
 Metaspace       used 31849K, committed 32256K, reserved 1114112K
  class space    used 4404K, committed 4608K, reserved 1048576K
}
Event: 13.012 GC heap before
{Heap before GC invocations=17 (full 0):
 garbage-first heap   total 61440K, used 45592K [0x0000000700000000, 0x0000000800000000)
  region size 2048K, 8 young (16384K), 1 survivors (2048K)
 Metaspace       used 32791K, committed 33216K, reserved 1114112K
  class space    used 4555K, committed 4736K, reserved 1048576K
}
Event: 13.016 GC heap after
{Heap after GC invocations=18 (full 0):
 garbage-first heap   total 61440K, used 31820K [0x0000000700000000, 0x0000000800000000)
  region size 2048K, 1 young (2048K), 1 survivors (2048K)
 Metaspace       used 32791K, committed 33216K, reserved 1114112K
  class space    used 4555K, committed 4736K, reserved 1048576K
}
Event: 13.468 GC heap before
{Heap before GC invocations=18 (full 0):
 garbage-first heap   total 61440K, used 44108K [0x0000000700000000, 0x0000000800000000)
  region size 2048K, 8 young (16384K), 1 survivors (2048K)
 Metaspace       used 34487K, committed 34944K, reserved 1114112K
  class space    used 4732K, committed 4928K, reserved 1048576K
}
Event: 13.471 GC heap after
{Heap after GC invocations=19 (full 0):
 garbage-first heap   total 61440K, used 32373K [0x0000000700000000, 0x0000000800000000)
  region size 2048K, 1 young (2048K), 1 survivors (2048K)
 Metaspace       used 34487K, committed 34944K, reserved 1114112K
  class space    used 4732K, committed 4928K, reserved 1048576K
}
Event: 14.172 GC heap before
{Heap before GC invocations=20 (full 0):
 garbage-first heap   total 61440K, used 46709K [0x0000000700000000, 0x0000000800000000)
  region size 2048K, 8 young (16384K), 1 survivors (2048K)
 Metaspace       used 36101K, committed 36480K, reserved 1114112K
  class space    used 5009K, committed 5184K, reserved 1048576K
}
Event: 14.177 GC heap after
{Heap after GC invocations=21 (full 0):
 garbage-first heap   total 61440K, used 33349K [0x0000000700000000, 0x0000000800000000)
  region size 2048K, 1 young (2048K), 1 survivors (2048K)
 Metaspace       used 36101K, committed 36480K, reserved 1114112K
  class space    used 5009K, committed 5184K, reserved 1048576K
}

Deoptimization events (20 events):
Event: 13.514 Thread 0x000001fcf50c4d50 DEOPT PACKING pc=0x000001fc9c6c4a04 sp=0x0000001382ef7ba0
Event: 13.514 Thread 0x000001fcf50c4d50 DEOPT UNPACKING pc=0x000001fc9bf85ba3 sp=0x0000001382ef7b88 mode 2
Event: 14.138 Thread 0x000001fcf50c5770 DEOPT PACKING pc=0x000001fc95007291 sp=0x0000001382afe5f0
Event: 14.138 Thread 0x000001fcf50c5770 DEOPT UNPACKING pc=0x000001fc9bf866e3 sp=0x0000001382afdb00 mode 0
Event: 14.186 Thread 0x000001fcf50c4d50 Uncommon trap: trap_request=0xffffff45 fr.pc=0x000001fc9c631b70 relative=0x00000000000002d0
Event: 14.186 Thread 0x000001fcf50c4d50 Uncommon trap: reason=unstable_if action=reinterpret pc=0x000001fc9c631b70 method=java.util.HashMap.getNode(Ljava/lang/Object;)Ljava/util/HashMap$Node; @ 57 c2
Event: 14.186 Thread 0x000001fcf50c4d50 DEOPT PACKING pc=0x000001fc9c631b70 sp=0x0000001382ef5aa0
Event: 14.186 Thread 0x000001fcf50c4d50 DEOPT UNPACKING pc=0x000001fc9bf85ba3 sp=0x0000001382ef59c0 mode 2
Event: 14.186 Thread 0x000001fcf50c4d50 Uncommon trap: trap_request=0xffffff45 fr.pc=0x000001fc9c65def0 relative=0x0000000000000790
Event: 14.186 Thread 0x000001fcf50c4d50 Uncommon trap: reason=unstable_if action=reinterpret pc=0x000001fc9c65def0 method=java.util.HashMap.putVal(ILjava/lang/Object;Ljava/lang/Object;ZZ)Ljava/lang/Object; @ 85 c2
Event: 14.186 Thread 0x000001fcf50c4d50 DEOPT PACKING pc=0x000001fc9c65def0 sp=0x0000001382ef5a70
Event: 14.186 Thread 0x000001fcf50c4d50 DEOPT UNPACKING pc=0x000001fc9bf85ba3 sp=0x0000001382ef59a0 mode 2
Event: 14.192 Thread 0x000001fcf50c4d50 Uncommon trap: trap_request=0xffffff45 fr.pc=0x000001fc9c684f4c relative=0x000000000000030c
Event: 14.192 Thread 0x000001fcf50c4d50 Uncommon trap: reason=unstable_if action=reinterpret pc=0x000001fc9c684f4c method=org.gradle.internal.reflect.PropertyAccessorType.isGetGetterName(Ljava/lang/String;)Z @ 14 c2
Event: 14.192 Thread 0x000001fcf50c4d50 DEOPT PACKING pc=0x000001fc9c684f4c sp=0x0000001382ef64a0
Event: 14.192 Thread 0x000001fcf50c4d50 DEOPT UNPACKING pc=0x000001fc9bf85ba3 sp=0x0000001382ef63f8 mode 2
Event: 14.226 Thread 0x000001fcf50c4d50 Uncommon trap: trap_request=0xffffff45 fr.pc=0x000001fc9c62c570 relative=0x00000000000000f0
Event: 14.226 Thread 0x000001fcf50c4d50 Uncommon trap: reason=unstable_if action=reinterpret pc=0x000001fc9c62c570 method=org.objectweb.asm.ByteVector.putShort(I)Lorg/objectweb/asm/ByteVector; @ 13 c2
Event: 14.226 Thread 0x000001fcf50c4d50 DEOPT PACKING pc=0x000001fc9c62c570 sp=0x0000001382ef60e0
Event: 14.226 Thread 0x000001fcf50c4d50 DEOPT UNPACKING pc=0x000001fc9bf85ba3 sp=0x0000001382ef6078 mode 2

Classes unloaded (0 events):
No events

Classes redefined (0 events):
No events

Internal exceptions (20 events):
Event: 12.603 Thread 0x000001fcf50c4d50 Exception <a 'java/lang/ClassNotFoundException'{0x0000000703a5c3d0}: org/gradle/plugin/use/internal/PluginRequestCollector$PluginDependencySpecImplBeanInfo> (0x0000000703a5c3d0) 
thrown [s\open\src\hotspot\share\classfile\systemDictionary.cpp, line 256]
Event: 12.604 Thread 0x000001fcf50c4d50 Exception <a 'java/lang/ClassNotFoundException'{0x0000000703a6cb10}: org/gradle/plugin/use/internal/PluginRequestCollector$PluginDependencySpecImplCustomizer> (0x0000000703a6cb10) 
thrown [s\open\src\hotspot\share\classfile\systemDictionary.cpp, line 256]
Event: 12.769 Thread 0x000001fcf50c4d50 Exception <a 'java/lang/NoSuchMethodError'{0x000000070394c958}: 'java.lang.Object java.lang.invoke.DirectMethodHandle$Holder.invokeSpecial(java.lang.Object, java.lang.Object, java.lang.Object, java.lang.Object, java.lang.Object, java.lang.Object, java.lang.Object, java.lang.Object, java.lang.Object, java.lang.Object)'> (0x000000070394c958) 
thrown [s\open\src\hotspot\share\interpreter\linkResolver.cpp, line 759]
Event: 12.770 Thread 0x000001fcf50c4d50 Exception <a 'java/lang/NoSuchMethodError'{0x0000000703955d28}: 'java.lang.Object java.lang.invoke.Invokers$Holder.invoker(java.lang.Object, java.lang.Object, java.lang.Object, java.lang.Object, java.lang.Object, java.lang.Object, java.lang.Object, java.lang.Object, java.lang.Object)'> (0x0000000703955d28) 
thrown [s\open\src\hotspot\share\interpreter\linkResolver.cpp, line 759]
Event: 12.802 Thread 0x000001fcf50c4d50 Exception <a 'java/lang/NoSuchMethodError'{0x00000007039e8b80}: 'java.lang.Object java.lang.invoke.Invokers$Holder.invoker(java.lang.Object, java.lang.Object, java.lang.Object, java.lang.Object)'> (0x00000007039e8b80) 
thrown [s\open\src\hotspot\share\interpreter\linkResolver.cpp, line 759]
Event: 12.858 Thread 0x000001fcf50c4d50 Exception <a 'java/lang/NoSuchMethodError'{0x00000007036a1ee0}: 'java.lang.Object java.lang.invoke.DelegatingMethodHandle$Holder.reinvoke_L(java.lang.Object, java.lang.Object, java.lang.Object, java.lang.Object, java.lang.Object, java.lang.Object, java.lang.Object, java.lang.Object, java.lang.Object, java.lang.Object, java.lang.Object, java.lang.Object, java.lang.Object, java.lang.Object, java.lang.Object, java.lang.Object, java.lang.Object, java.lang.Object, java.lang.Object, java.lang.Object, java.lang.O
Event: 12.859 Thread 0x000001fcf50c4d50 Exception <a 'java/lang/NoSuchMethodError'{0x00000007036adc00}: 'java.lang.Object java.lang.invoke.Invokers$Holder.invoker(java.lang.Object, java.lang.Object, java.lang.Object, java.lang.Object, java.lang.Object, java.lang.Object, java.lang.Object, java.lang.Object, java.lang.Object, java.lang.Object, java.lang.Object, java.lang.Object, java.lang.Object, java.lang.Object, java.lang.Object, java.lang.Object, java.lang.Object, java.lang.Object, java.lang.Object, java.lang.Object, java.lang.Object)'> (0x00000
Event: 12.860 Thread 0x000001fcf50c4d50 Exception <a 'java/lang/NoSuchMethodError'{0x00000007036b4b08}: 'java.lang.Object java.lang.invoke.DelegatingMethodHandle$Holder.delegate(java.lang.Object, java.lang.Object, java.lang.Object, java.lang.Object, java.lang.Object, java.lang.Object, java.lang.Object, java.lang.Object, java.lang.Object, java.lang.Object, java.lang.Object, java.lang.Object, java.lang.Object, java.lang.Object, java.lang.Object, java.lang.Object, java.lang.Object, java.lang.Object, java.lang.Object, java.lang.Object, java.lang.Obj
Event: 12.875 Thread 0x000001fcf50c4d50 Exception <a 'java/lang/NoSuchMethodError'{0x0000000703728e50}: 'java.lang.Object java.lang.invoke.DirectMethodHandle$Holder.invokeStatic(java.lang.Object, java.lang.Object, java.lang.Object, java.lang.Object, java.lang.Object, java.lang.Object, java.lang.Object, java.lang.Object, java.lang.Object, java.lang.Object, java.lang.Object, java.lang.Object, java.lang.Object, java.lang.Object, java.lang.Object, java.lang.Object, java.lang.Object)'> (0x0000000703728e50) 
thrown [s\open\src\hotspot\share\interprete
Event: 12.878 Thread 0x000001fcf50c4d50 Exception <a 'java/lang/NoSuchMethodError'{0x00000007037514c0}: 'java.lang.Object java.lang.invoke.DirectMethodHandle$Holder.invokeStatic(java.lang.Object, java.lang.Object, java.lang.Object, java.lang.Object, java.lang.Object, java.lang.Object, java.lang.Object, java.lang.Object, java.lang.Object, java.lang.Object, java.lang.Object, java.lang.Object, java.lang.Object, java.lang.Object, java.lang.Object, java.lang.Object, java.lang.Object, java.lang.Object)'> (0x00000007037514c0) 
thrown [s\open\src\hotspo
Event: 12.884 Thread 0x000001fcf50c4d50 Exception <a 'java/lang/NoSuchMethodError'{0x000000070377a2e8}: 'java.lang.Object java.lang.invoke.DirectMethodHandle$Holder.invokeStatic(java.lang.Object, java.lang.Object, java.lang.Object, java.lang.Object, java.lang.Object, java.lang.Object, java.lang.Object, java.lang.Object, java.lang.Object, java.lang.Object, java.lang.Object, java.lang.Object, java.lang.Object, java.lang.Object, java.lang.Object, java.lang.Object, java.lang.Object, java.lang.Object, java.lang.Object)'> (0x000000070377a2e8) 
thrown 
Event: 12.888 Thread 0x000001fcf50c4d50 Exception <a 'java/lang/NoSuchMethodError'{0x00000007037a4140}: 'java.lang.Object java.lang.invoke.DirectMethodHandle$Holder.invokeStatic(java.lang.Object, java.lang.Object, java.lang.Object, java.lang.Object, java.lang.Object, java.lang.Object, java.lang.Object, java.lang.Object, java.lang.Object, java.lang.Object, java.lang.Object, java.lang.Object, java.lang.Object, java.lang.Object, java.lang.Object, java.lang.Object, java.lang.Object, java.lang.Object, java.lang.Object, java.lang.Object)'> (0x00000007
Event: 12.895 Thread 0x000001fcf50c4d50 Exception <a 'java/lang/NoSuchMethodError'{0x00000007037cf238}: 'java.lang.Object java.lang.invoke.DirectMethodHandle$Holder.invokeStatic(java.lang.Object, java.lang.Object, java.lang.Object, java.lang.Object, java.lang.Object, java.lang.Object, java.lang.Object, java.lang.Object, java.lang.Object, java.lang.Object, java.lang.Object, java.lang.Object, java.lang.Object, java.lang.Object, java.lang.Object, java.lang.Object, java.lang.Object, java.lang.Object, java.lang.Object, java.lang.Object, java.lang.Obj
Event: 12.904 Thread 0x000001fcf50c4d50 Exception <a 'java/lang/NoSuchMethodError'{0x00000007037fc018}: 'java.lang.Object java.lang.invoke.DirectMethodHandle$Holder.invokeStatic(java.lang.Object, java.lang.Object, java.lang.Object, java.lang.Object, java.lang.Object, java.lang.Object, java.lang.Object, java.lang.Object, java.lang.Object, java.lang.Object, java.lang.Object, java.lang.Object, java.lang.Object, java.lang.Object, java.lang.Object, java.lang.Object, java.lang.Object, java.lang.Object, java.lang.Object, java.lang.Object, java.lang.Obj
Event: 12.907 Thread 0x000001fcf50c4d50 Exception <a 'java/lang/NoSuchMethodError'{0x00000007034297d8}: 'java.lang.Object java.lang.invoke.DirectMethodHandle$Holder.invokeStatic(java.lang.Object, java.lang.Object, java.lang.Object, java.lang.Object, java.lang.Object, java.lang.Object, java.lang.Object, java.lang.Object, java.lang.Object, java.lang.Object, java.lang.Object, java.lang.Object, java.lang.Object, java.lang.Object, java.lang.Object, java.lang.Object, java.lang.Object, java.lang.Object, java.lang.Object, java.lang.Object, java.lang.Obj
Event: 12.911 Thread 0x000001fcf50c4d50 Exception <a 'java/lang/NoSuchMethodError'{0x0000000703458608}: 'java.lang.Object java.lang.invoke.DirectMethodHandle$Holder.invokeStatic(java.lang.Object, java.lang.Object, java.lang.Object, java.lang.Object, java.lang.Object, java.lang.Object, java.lang.Object, java.lang.Object, java.lang.Object, java.lang.Object, java.lang.Object, java.lang.Object, java.lang.Object, java.lang.Object, java.lang.Object, java.lang.Object, java.lang.Object, java.lang.Object, java.lang.Object, java.lang.Object, java.lang.Obj
Event: 13.126 Thread 0x000001fcf50c4d50 Exception <a 'java/lang/IncompatibleClassChangeError'{0x0000000703697da0}: Found class java.lang.Object, but interface was expected> (0x0000000703697da0) 
thrown [s\open\src\hotspot\share\interpreter\linkResolver.cpp, line 826]
Event: 13.338 Thread 0x000001fcf50c4d50 Exception <a 'java/lang/IncompatibleClassChangeError'{0x000000070302b308}: Found class java.lang.Object, but interface was expected> (0x000000070302b308) 
thrown [s\open\src\hotspot\share\interpreter\linkResolver.cpp, line 826]
Event: 13.382 Thread 0x000001fcf50c4d50 Exception <a 'java/lang/NoSuchMethodError'{0x00000007031bb5a0}: 'int java.lang.invoke.DirectMethodHandle$Holder.invokeStaticInit(java.lang.Object, java.lang.Object, java.lang.Object, java.lang.Object, java.lang.Object)'> (0x00000007031bb5a0) 
thrown [s\open\src\hotspot\share\interpreter\linkResolver.cpp, line 759]
Event: 13.462 Thread 0x000001fcf50c4d50 Implicit null exception at 0x000001fc9c68986c to 0x000001fc9c68991c

VM Operations (20 events):
Event: 12.669 Executing VM operation: G1Concurrent
Event: 12.670 Executing VM operation: G1Concurrent done
Event: 13.012 Executing VM operation: G1CollectForAllocation
Event: 13.016 Executing VM operation: G1CollectForAllocation done
Event: 13.132 Executing VM operation: HandshakeAllThreads
Event: 13.132 Executing VM operation: HandshakeAllThreads done
Event: 13.467 Executing VM operation: G1CollectForAllocation
Event: 13.471 Executing VM operation: G1CollectForAllocation done
Event: 13.522 Executing VM operation: G1Concurrent
Event: 13.525 Executing VM operation: G1Concurrent done
Event: 13.551 Executing VM operation: G1Concurrent
Event: 13.551 Executing VM operation: G1Concurrent done
Event: 13.605 Executing VM operation: HandshakeAllThreads
Event: 13.605 Executing VM operation: HandshakeAllThreads done
Event: 14.140 Executing VM operation: HandshakeAllThreads
Event: 14.158 Executing VM operation: HandshakeAllThreads done
Event: 14.172 Executing VM operation: G1CollectForAllocation
Event: 14.177 Executing VM operation: G1CollectForAllocation done
Event: 14.200 Executing VM operation: HandshakeAllThreads
Event: 14.200 Executing VM operation: HandshakeAllThreads done

Events (20 events):
Event: 13.414 Thread 0x000001fcf52ec2a0 Thread added: 0x000001fcf52ec2a0
Event: 13.458 loading class jdk/internal/math/FDBigInteger
Event: 13.458 loading class jdk/internal/math/FDBigInteger done
Event: 13.489 Thread 0x000001fcf52f3200 Thread added: 0x000001fcf52f3200
Event: 13.604 loading class java/nio/file/AtomicMoveNotSupportedException
Event: 13.604 loading class java/nio/file/AtomicMoveNotSupportedException done
Event: 14.119 loading class java/util/concurrent/LinkedBlockingDeque$Itr
Event: 14.120 loading class java/util/concurrent/LinkedBlockingDeque$AbstractItr
Event: 14.120 loading class java/util/concurrent/LinkedBlockingDeque$AbstractItr done
Event: 14.120 loading class java/util/concurrent/LinkedBlockingDeque$Itr done
Event: 14.235 loading class java/lang/StringIndexOutOfBoundsException
Event: 14.235 loading class java/lang/StringIndexOutOfBoundsException done
Event: 14.390 loading class java/util/zip/GZIPInputStream
Event: 14.391 loading class java/util/zip/GZIPInputStream done
Event: 14.391 loading class java/util/zip/GZIPOutputStream
Event: 14.391 loading class java/util/zip/GZIPOutputStream done
Event: 14.399 loading class java/lang/ThreadLocal$SuppliedThreadLocal
Event: 14.399 loading class java/lang/ThreadLocal$SuppliedThreadLocal done
Event: 14.416 Thread 0x000001fcf52f22d0 Thread added: 0x000001fcf52f22d0
Event: 14.531 Thread 0x000001fcf52ef030 Thread added: 0x000001fcf52ef030


Dynamic libraries:
0x00007ff65b2e0000 - 0x00007ff65b2f0000 	C:\Program Files\Java\jdk-17\bin\java.exe
0x00007fff73e10000 - 0x00007fff74027000 	C:\WINDOWS\SYSTEM32\ntdll.dll
0x00007fff72a10000 - 0x00007fff72ad4000 	C:\WINDOWS\System32\KERNEL32.DLL
0x00007fff71130000 - 0x00007fff714d7000 	C:\WINDOWS\System32\KERNELBASE.dll
0x00007fff71a20000 - 0x00007fff71b31000 	C:\WINDOWS\System32\ucrtbase.dll
0x00007fff6bf60000 - 0x00007fff6bf7b000 	C:\Program Files\Java\jdk-17\bin\VCRUNTIME140.dll
0x00007fff63b90000 - 0x00007fff63ba9000 	C:\Program Files\Java\jdk-17\bin\jli.dll
0x00007fff72f40000 - 0x00007fff72ff2000 	C:\WINDOWS\System32\ADVAPI32.dll
0x00007fff72d70000 - 0x00007fff72e17000 	C:\WINDOWS\System32\msvcrt.dll
0x00007fff72cc0000 - 0x00007fff72d68000 	C:\WINDOWS\System32\sechost.dll
0x00007fff714e0000 - 0x00007fff71508000 	C:\WINDOWS\System32\bcrypt.dll
0x00007fff73c60000 - 0x00007fff73d75000 	C:\WINDOWS\System32\RPCRT4.dll
0x00007fff72090000 - 0x00007fff7223e000 	C:\WINDOWS\System32\USER32.dll
0x00007fff71790000 - 0x00007fff717b6000 	C:\WINDOWS\System32\win32u.dll
0x00007fff73010000 - 0x00007fff73039000 	C:\WINDOWS\System32\GDI32.dll
0x00007fff62480000 - 0x00007fff62713000 	C:\WINDOWS\WinSxS\amd64_microsoft.windows.common-controls_6595b64144ccf1df_6.0.22621.3527_none_270e469b73872a76\COMCTL32.dll
0x00007fff71510000 - 0x00007fff71629000 	C:\WINDOWS\System32\gdi32full.dll
0x00007fff71630000 - 0x00007fff716ca000 	C:\WINDOWS\System32\msvcp_win.dll
0x00007fff63630000 - 0x00007fff6363a000 	C:\WINDOWS\SYSTEM32\VERSION.dll
0x00007fff71b40000 - 0x00007fff71b71000 	C:\WINDOWS\System32\IMM32.DLL
0x00007fff6e010000 - 0x00007fff6e01c000 	C:\Program Files\Java\jdk-17\bin\vcruntime140_1.dll
0x00007fff5f2d0000 - 0x00007fff5f35e000 	C:\Program Files\Java\jdk-17\bin\msvcp140.dll
0x00007fff011e0000 - 0x00007fff01dbf000 	C:\Program Files\Java\jdk-17\bin\server\jvm.dll
0x00007fff71b80000 - 0x00007fff71b88000 	C:\WINDOWS\System32\PSAPI.DLL
0x00007fff53d10000 - 0x00007fff53d19000 	C:\WINDOWS\SYSTEM32\WSOCK32.dll
0x00007fff63ad0000 - 0x00007fff63b04000 	C:\WINDOWS\SYSTEM32\WINMM.dll
0x00007fff73200000 - 0x00007fff73271000 	C:\WINDOWS\System32\WS2_32.dll
0x00007fff70150000 - 0x00007fff70168000 	C:\WINDOWS\SYSTEM32\kernel.appcore.dll
0x00007fff63b80000 - 0x00007fff63b8a000 	C:\Program Files\Java\jdk-17\bin\jimage.dll
0x00007fff6e9a0000 - 0x00007fff6ebd2000 	C:\WINDOWS\SYSTEM32\DBGHELP.DLL
0x00007fff71c20000 - 0x00007fff71fa8000 	C:\WINDOWS\System32\combase.dll
0x00007fff71fb0000 - 0x00007fff72087000 	C:\WINDOWS\System32\OLEAUT32.dll
0x00007fff62370000 - 0x00007fff623a2000 	C:\WINDOWS\SYSTEM32\dbgcore.DLL
0x00007fff71930000 - 0x00007fff719a9000 	C:\WINDOWS\System32\bcryptPrimitives.dll
0x00007fff63b50000 - 0x00007fff63b75000 	C:\Program Files\Java\jdk-17\bin\java.dll
0x00007fff48080000 - 0x00007fff48157000 	C:\Program Files\Java\jdk-17\bin\jsvml.dll
0x00007fff73400000 - 0x00007fff73c5c000 	C:\WINDOWS\System32\SHELL32.dll
0x00007fff6f070000 - 0x00007fff6f966000 	C:\WINDOWS\SYSTEM32\windows.storage.dll
0x00007fff6ef30000 - 0x00007fff6f06e000 	C:\WINDOWS\SYSTEM32\wintypes.dll
0x00007fff72e40000 - 0x00007fff72f35000 	C:\WINDOWS\System32\SHCORE.dll
0x00007fff72240000 - 0x00007fff7229e000 	C:\WINDOWS\System32\shlwapi.dll
0x00007fff71060000 - 0x00007fff71081000 	C:\WINDOWS\SYSTEM32\profapi.dll
0x00007fff633b0000 - 0x00007fff633c9000 	C:\Program Files\Java\jdk-17\bin\net.dll
0x00007fff69770000 - 0x00007fff698a6000 	C:\WINDOWS\SYSTEM32\WINHTTP.dll
0x00007fff705c0000 - 0x00007fff70629000 	C:\WINDOWS\system32\mswsock.dll
0x00007fff5f2b0000 - 0x00007fff5f2c6000 	C:\Program Files\Java\jdk-17\bin\nio.dll
0x00007fff5f290000 - 0x00007fff5f2a8000 	C:\Program Files\Java\jdk-17\bin\zip.dll
0x00007fff63b40000 - 0x00007fff63b50000 	C:\Program Files\Java\jdk-17\bin\verify.dll
0x00007fff5f260000 - 0x00007fff5f287000 	C:\Users\ASUS-PC\.gradle\native\c067742578af261105cb4f569cf0c3c89f3d7b1fecec35dd04571415982c5e48\windows-amd64\native-platform.dll
0x00007fff47f30000 - 0x00007fff48074000 	C:\Users\ASUS-PC\.gradle\native\38dada09dfb8b06ba9b0570ebf7e218e3eb74d4ef43ca46872605cf95ebc2f47\windows-amd64\native-platform-file-events.dll
0x00007fff633a0000 - 0x00007fff633aa000 	C:\Program Files\Java\jdk-17\bin\management.dll
0x00007fff5f250000 - 0x00007fff5f25b000 	C:\Program Files\Java\jdk-17\bin\management_ext.dll
0x00007fff70820000 - 0x00007fff7083b000 	C:\WINDOWS\SYSTEM32\CRYPTSP.dll
0x00007fff700b0000 - 0x00007fff700e5000 	C:\WINDOWS\system32\rsaenh.dll
0x00007fff706c0000 - 0x00007fff706e8000 	C:\WINDOWS\SYSTEM32\USERENV.dll
0x00007fff70840000 - 0x00007fff7084c000 	C:\WINDOWS\SYSTEM32\CRYPTBASE.dll
0x00007fff6fbc0000 - 0x00007fff6fbed000 	C:\WINDOWS\SYSTEM32\IPHLPAPI.DLL
0x00007fff71c10000 - 0x00007fff71c19000 	C:\WINDOWS\System32\NSI.dll
0x00007fff69750000 - 0x00007fff69769000 	C:\WINDOWS\SYSTEM32\dhcpcsvc6.DLL
0x00007fff69730000 - 0x00007fff6974f000 	C:\WINDOWS\SYSTEM32\dhcpcsvc.DLL
0x00007fff6fbf0000 - 0x00007fff6fce8000 	C:\WINDOWS\SYSTEM32\DNSAPI.dll
0x00007fff5f200000 - 0x00007fff5f20e000 	C:\Program Files\Java\jdk-17\bin\sunmscapi.dll
0x00007fff717c0000 - 0x00007fff71928000 	C:\WINDOWS\System32\CRYPT32.dll
0x00007fff709e0000 - 0x00007fff70a0e000 	C:\WINDOWS\SYSTEM32\ncrypt.dll
0x00007fff709a0000 - 0x00007fff709d7000 	C:\WINDOWS\SYSTEM32\NTASN1.dll
0x00007fff4bd10000 - 0x00007fff4bd18000 	C:\WINDOWS\system32\wshunix.dll

dbghelp: loaded successfully - version: 4.0.5 - missing functions: none
symbol engine: initialized successfully - sym options: 0x614 - pdb path: .;C:\Program Files\Java\jdk-17\bin;C:\WINDOWS\SYSTEM32;C:\WINDOWS\WinSxS\amd64_microsoft.windows.common-controls_6595b64144ccf1df_6.0.22621.3527_none_270e469b73872a76;C:\Program Files\Java\jdk-17\bin\server;C:\Users\ASUS-PC\.gradle\native\c067742578af261105cb4f569cf0c3c89f3d7b1fecec35dd04571415982c5e48\windows-amd64;C:\Users\ASUS-PC\.gradle\native\38dada09dfb8b06ba9b0570ebf7e218e3eb74d4ef43ca46872605cf95ebc2f47\windows-amd64

VM Arguments:
jvm_args: --add-opens=java.base/java.util=ALL-UNNAMED --add-opens=java.base/java.lang=ALL-UNNAMED --add-opens=java.base/java.lang.invoke=ALL-UNNAMED --add-opens=java.prefs/java.util.prefs=ALL-UNNAMED --add-opens=java.base/java.nio.charset=ALL-UNNAMED --add-opens=java.base/java.net=ALL-UNNAMED --add-opens=java.base/java.util.concurrent.atomic=ALL-UNNAMED -Xmx4G -Dfile.encoding=windows-1252 -Duser.country=US -Duser.language=en -Duser.variant 
java_command: org.gradle.launcher.daemon.bootstrap.GradleDaemon 7.6.3
java_class_path (initial): C:\Users\ASUS-PC\.gradle\wrapper\dists\gradle-7.6.3-all\aocdy2d2z8kodnny3rsumj8i8\gradle-7.6.3\lib\gradle-launcher-7.6.3.jar
Launcher Type: SUN_STANDARD

[Global flags]
     intx CICompilerCount                          = 3                                         {product} {ergonomic}
     uint ConcGCThreads                            = 1                                         {product} {ergonomic}
     uint G1ConcRefinementThreads                  = 4                                         {product} {ergonomic}
   size_t G1HeapRegionSize                         = 2097152                                   {product} {ergonomic}
    uintx GCDrainStackTargetSize                   = 64                                        {product} {ergonomic}
   size_t InitialHeapSize                          = 62914560                                  {product} {ergonomic}
   size_t MarkStackSize                            = 4194304                                   {product} {ergonomic}
   size_t MaxHeapSize                              = 4294967296                                {product} {command line}
   size_t MaxNewSize                               = 2575302656                                {product} {ergonomic}
   size_t MinHeapDeltaBytes                        = 2097152                                   {product} {ergonomic}
   size_t MinHeapSize                              = 8388608                                   {product} {ergonomic}
    uintx NonNMethodCodeHeapSize                   = 5832780                                {pd product} {ergonomic}
    uintx NonProfiledCodeHeapSize                  = 122912730                              {pd product} {ergonomic}
    uintx ProfiledCodeHeapSize                     = 122912730                              {pd product} {ergonomic}
    uintx ReservedCodeCacheSize                    = 251658240                              {pd product} {ergonomic}
     bool SegmentedCodeCache                       = true                                      {product} {ergonomic}
   size_t SoftMaxHeapSize                          = 4294967296                             {manageable} {ergonomic}
     bool UseCompressedClassPointers               = true                           {product lp64_product} {ergonomic}
     bool UseCompressedOops                        = true                           {product lp64_product} {ergonomic}
     bool UseG1GC                                  = true                                      {product} {ergonomic}
     bool UseLargePagesIndividualAllocation        = false                                  {pd product} {ergonomic}

Logging:
Log output configuration:
 #0: stdout all=warning uptime,level,tags
 #1: stderr all=off uptime,level,tags

Environment Variables:
JAVA_HOME=C:\Program Files\Java\jdk-17\
CLASSPATH=D:\sitabung_proyek3\android\\gradle\wrapper\gradle-wrapper.jar
PATH=C:\Program Files\Java\jdk-17\bin;C:\app\ASUS-PC\product\21c\dbhomeXE\bin;C:\Program Files\Common Files\Oracle\Java\javapath;C:\Program Files (x86)\Common Files\Intel\Shared Files\cpp\bin\Intel64;C:\WINDOWS\system32;C:\WINDOWS;C:\WINDOWS\System32\Wbem;C:\WINDOWS\System32\WindowsPowerShell\v1.0\;C:\WINDOWS\System32\OpenSSH\;D:\Git\cmd;C:\xamppp\php;C:\ProgramData\ComposerSetup\bin;ASUS-PC\AppData\Roaming\Composer\vendor\bin;C:\Program Files\nodejs\;C:\xampp-new\php;C:\Program Files\Java\jdk-17\bin;C:\Program Files (x86)\Rational\common;D:\cmdline-tools\platform-tools;D:\cmdline-tools\platforms;D:\flutter\bin;C:\Users\ASUS-PC\AppData\Local\Programs\Python\Python311\Scripts\;C:\Users\ASUS-PC\AppData\Local\Programs\Python\Python311\;C:\Users\ASUS-PC\AppData\Local\Microsoft\WindowsApps;D:\Microsoft VS Code\bin;C:\Users\ASUS-PC\AppData\Roaming\Composer\vendor\bin;C:\Users\ASUS-PC\AppData\Roaming\npm;;D:\flutter\bin\mingit\cmd;D:\flutter\bin\mingit\cmd
USERNAME=ASUS-PC
OS=Windows_NT
PROCESSOR_IDENTIFIER=Intel64 Family 6 Model 126 Stepping 5, GenuineIntel



---------------  S Y S T E M  ---------------

OS:
 Windows 11 , 64 bit Build 22621 (10.0.22621.3527)
OS uptime: 0 days 1:04 hours

CPU: total 4 (initial active 4) (2 cores per cpu, 2 threads per core) family 6 model 126 stepping 5 microcode 0xa8, cx8, cmov, fxsr, ht, mmx, 3dnowpref, sse, sse2, sse3, ssse3, sse4.1, sse4.2, popcnt, lzcnt, tsc, tscinvbit, avx, avx2, aes, erms, clmul, bmi1, bmi2, adx, avx512f, avx512dq, avx512cd, avx512bw, avx512vl, sha, fma, vzeroupper, avx512_vpopcntdq, avx512_vpclmulqdq, avx512_vaes, avx512_vnni, clflush, clflushopt, avx512_vbmi2, avx512_vbmi

Memory: 4k page, system-wide physical 3834M (167M free)
TotalPageFile size 11834M (AvailPageFile size 1M)
current process WorkingSet (physical memory assigned to process): 197M, peak: 199M
current process commit charge ("private bytes"): 228M, peak: 230M

vm_info: Java HotSpot(TM) 64-Bit Server VM (17.0.10+11-LTS-240) for windows-amd64 JRE (17.0.10+11-LTS-240), built on Dec 19 2023 21:47:25 by "mach5one" with MS VC++ 17.1 (VS2022)

END.
