#
# There is insufficient memory for the Java Runtime Environment to continue.
# Native memory allocation (malloc) failed to allocate 448112 bytes for Chunk::new
# Possible reasons:
#   The system is out of physical RAM or swap space
#   The process is running with CompressedOops enabled, and the Java Heap may be blocking the growth of the native heap
# Possible solutions:
#   Reduce memory load on the system
#   Increase physical memory or swap space
#   Check if swap backing store is full
#   Decrease Java heap size (-Xmx/-Xms)
#   Decrease number of Java threads
#   Decrease Java thread stack sizes (-Xss)
#   Set larger code cache with -XX:ReservedCodeCacheSize=
#   JVM is running with Zero Based Compressed Oops mode in which the Java heap is
#     placed in the first 32GB address space. The Java Heap base address is the
#     maximum limit for the native heap growth. Please use -XX:HeapBaseMinAddress
#     to set the Java Heap base and to place the Java Heap above 32GB virtual address.
# This output file may be truncated or incomplete.
#
#  Out of Memory Error (arena.cpp:189), pid=11196, tid=12924
#
# JRE version: Java(TM) SE Runtime Environment (17.0.10+11) (build 17.0.10+11-LTS-240)
# Java VM: Java HotSpot(TM) 64-Bit Server VM (17.0.10+11-LTS-240, mixed mode, sharing, tiered, compressed oops, compressed class ptrs, g1 gc, windows-amd64)
# No core dump will be written. Minidumps are not enabled by default on client versions of Windows
#

---------------  S U M M A R Y ------------

Command Line: --add-opens=java.base/java.util=ALL-UNNAMED --add-opens=java.base/java.lang=ALL-UNNAMED --add-opens=java.base/java.lang.invoke=ALL-UNNAMED --add-opens=java.prefs/java.util.prefs=ALL-UNNAMED --add-opens=java.base/java.nio.charset=ALL-UNNAMED --add-opens=java.base/java.net=ALL-UNNAMED --add-opens=java.base/java.util.concurrent.atomic=ALL-UNNAMED -Xmx4G -Dfile.encoding=windows-1252 -Duser.country=US -Duser.language=en -Duser.variant org.gradle.launcher.daemon.bootstrap.GradleDaemon 7.6.3

Host: Intel(R) Core(TM) i3-1005G1 CPU @ 1.20GHz, 4 cores, 3G,  Windows 11 , 64 bit Build 22621 (10.0.22621.3527)
Time: Mon Jun  3 20:58:46 2024 SE Asia Standard Time elapsed time: 10.597144 seconds (0d 0h 0m 10s)

---------------  T H R E A D  ---------------

Current thread (0x000001c9ffa76040):  JavaThread "C2 CompilerThread0" daemon [_thread_in_native, id=12924, stack(0x0000003487000000,0x0000003487100000)]


Current CompileTask:
C2:  10597 3620       4       sun.nio.fs.WindowsPathParser::normalize (233 bytes)

Stack: [0x0000003487000000,0x0000003487100000]
Native frames: (J=compiled Java code, j=interpreted, Vv=VM code, C=native code)
V  [jvm.dll+0x677a5a]
V  [jvm.dll+0x7d8b2d]
V  [jvm.dll+0x7da48e]
V  [jvm.dll+0x7daaf3]
V  [jvm.dll+0x2455ff]
V  [jvm.dll+0xaaafb]
V  [jvm.dll+0xab09c]
V  [jvm.dll+0x361bae]
V  [jvm.dll+0x32c211]
V  [jvm.dll+0x32b6aa]
V  [jvm.dll+0x21794f]
V  [jvm.dll+0x216d81]
V  [jvm.dll+0x1a3410]
V  [jvm.dll+0x226aeb]
V  [jvm.dll+0x224cab]
V  [jvm.dll+0x78e45c]
V  [jvm.dll+0x78888a]
V  [jvm.dll+0x676935]
C  [ucrtbase.dll+0x29333]
C  [KERNEL32.DLL+0x1257d]
C  [ntdll.dll+0x5aa48]


---------------  P R O C E S S  ---------------

Threads class SMR info:
_java_thread_list=0x000001c9d08ca240, length=34, elements={
0x000001c9e55f5f10, 0x000001c9ffa56820, 0x000001c9ffa573e0, 0x000001c9ffa6a210,
0x000001c9ffa6bde0, 0x000001c9ffa708c0, 0x000001c9ffa71280, 0x000001c9ffa76040,
0x000001c9ffa7f310, 0x000001c9ffa89bf0, 0x000001c9cd0f9c20, 0x000001c9cd0fe740,
0x000001c9cee68010, 0x000001c9ceb2dc80, 0x000001c9ce066120, 0x000001c9ce24cb40,
0x000001c9ce772c70, 0x000001c9cdff36c0, 0x000001c9cdff2790, 0x000001c9cdff1350,
0x000001c9cdff1860, 0x000001c9cdff2ca0, 0x000001c9cdff1d70, 0x000001c9cdff2280,
0x000001c9cdff31b0, 0x000001c9cdff3bd0, 0x000001c9cdff0420, 0x000001c9cdff0930,
0x000001c9cef7cb40, 0x000001c9cef80800, 0x000001c9cef80d10, 0x000001c9cef7c630,
0x000001c9cef7ace0, 0x000001c9cef7df80
}

Java Threads: ( => current thread )
  0x000001c9e55f5f10 JavaThread "main" [_thread_blocked, id=3216, stack(0x0000003486300000,0x0000003486400000)]
  0x000001c9ffa56820 JavaThread "Reference Handler" daemon [_thread_blocked, id=13984, stack(0x0000003486a00000,0x0000003486b00000)]
  0x000001c9ffa573e0 JavaThread "Finalizer" daemon [_thread_blocked, id=6560, stack(0x0000003486b00000,0x0000003486c00000)]
  0x000001c9ffa6a210 JavaThread "Signal Dispatcher" daemon [_thread_blocked, id=11748, stack(0x0000003486c00000,0x0000003486d00000)]
  0x000001c9ffa6bde0 JavaThread "Attach Listener" daemon [_thread_blocked, id=13452, stack(0x0000003486d00000,0x0000003486e00000)]
  0x000001c9ffa708c0 JavaThread "Service Thread" daemon [_thread_blocked, id=4596, stack(0x0000003486e00000,0x0000003486f00000)]
  0x000001c9ffa71280 JavaThread "Monitor Deflation Thread" daemon [_thread_blocked, id=13868, stack(0x0000003486f00000,0x0000003487000000)]
=>0x000001c9ffa76040 JavaThread "C2 CompilerThread0" daemon [_thread_in_native, id=12924, stack(0x0000003487000000,0x0000003487100000)]
  0x000001c9ffa7f310 JavaThread "C1 CompilerThread0" daemon [_thread_in_native, id=2368, stack(0x0000003487100000,0x0000003487200000)]
  0x000001c9ffa89bf0 JavaThread "Sweeper thread" daemon [_thread_blocked, id=14608, stack(0x0000003487200000,0x0000003487300000)]
  0x000001c9cd0f9c20 JavaThread "Common-Cleaner" daemon [_thread_blocked, id=5016, stack(0x0000003487300000,0x0000003487400000)]
  0x000001c9cd0fe740 JavaThread "Notification Thread" daemon [_thread_blocked, id=10960, stack(0x0000003487400000,0x0000003487500000)]
  0x000001c9cee68010 JavaThread "Daemon health stats" [_thread_blocked, id=6428, stack(0x0000003487900000,0x0000003487a00000)]
  0x000001c9ceb2dc80 JavaThread "Incoming local TCP Connector on port 4291" [_thread_in_native, id=4132, stack(0x0000003487a00000,0x0000003487b00000)]
  0x000001c9ce066120 JavaThread "Daemon periodic checks" [_thread_blocked, id=8656, stack(0x0000003487b00000,0x0000003487c00000)]
  0x000001c9ce24cb40 JavaThread "Daemon" [_thread_blocked, id=2616, stack(0x0000003487c00000,0x0000003487d00000)]
  0x000001c9ce772c70 JavaThread "Handler for socket connection from /127.0.0.1:4291 to /127.0.0.1:4294" [_thread_in_native, id=4300, stack(0x0000003487d00000,0x0000003487e00000)]
  0x000001c9cdff36c0 JavaThread "Cancel handler" [_thread_blocked, id=5520, stack(0x0000003487e00000,0x0000003487f00000)]
  0x000001c9cdff2790 JavaThread "Daemon worker" [_thread_in_vm, id=13900, stack(0x0000003487f00000,0x0000003488000000)]
  0x000001c9cdff1350 JavaThread "Asynchronous log dispatcher for DefaultDaemonConnection: socket connection from /127.0.0.1:4291 to /127.0.0.1:4294" [_thread_blocked, id=8896, stack(0x0000003488000000,0x0000003488100000)]
  0x000001c9cdff1860 JavaThread "Stdin handler" [_thread_blocked, id=15136, stack(0x0000003488100000,0x0000003488200000)]
  0x000001c9cdff2ca0 JavaThread "Daemon client event forwarder" [_thread_blocked, id=9520, stack(0x0000003488200000,0x0000003488300000)]
  0x000001c9cdff1d70 JavaThread "Cache worker for journal cache (C:\Users\ASUS-PC\.gradle\caches\journal-1)" [_thread_blocked, id=10412, stack(0x0000003488300000,0x0000003488400000)]
  0x000001c9cdff2280 JavaThread "File lock request listener" [_thread_in_native, id=2768, stack(0x0000003488400000,0x0000003488500000)]
  0x000001c9cdff31b0 JavaThread "Cache worker for file hash cache (C:\Users\ASUS-PC\.gradle\caches\7.6.3\fileHashes)" [_thread_blocked, id=9268, stack(0x0000003488500000,0x0000003488600000)]
  0x000001c9cdff3bd0 JavaThread "File watcher server" daemon [_thread_in_native, id=7648, stack(0x0000003488600000,0x0000003488700000)]
  0x000001c9cdff0420 JavaThread "File watcher consumer" daemon [_thread_blocked, id=13552, stack(0x0000003488700000,0x0000003488800000)]
  0x000001c9cdff0930 JavaThread "Cache worker for checksums cache (D:\sitabung_proyek3\android\.gradle\7.6.3\checksums)" [_thread_blocked, id=6668, stack(0x0000003488800000,0x0000003488900000)]
  0x000001c9cef7cb40 JavaThread "Cache worker for cache directory md-rule (C:\Users\ASUS-PC\.gradle\caches\7.6.3\md-rule)" [_thread_blocked, id=7080, stack(0x0000003488900000,0x0000003488a00000)]
  0x000001c9cef80800 JavaThread "Cache worker for file content cache (C:\Users\ASUS-PC\.gradle\caches\7.6.3\fileContent)" [_thread_blocked, id=13336, stack(0x0000003488a00000,0x0000003488b00000)]
  0x000001c9cef80d10 JavaThread "Cache worker for file hash cache (D:\sitabung_proyek3\android\.gradle\7.6.3\fileHashes)" [_thread_blocked, id=13956, stack(0x0000003488b00000,0x0000003488c00000)]
  0x000001c9cef7c630 JavaThread "Cache worker for cache directory md-supplier (C:\Users\ASUS-PC\.gradle\caches\7.6.3\md-supplier)" [_thread_blocked, id=4124, stack(0x0000003488c00000,0x0000003488d00000)]
  0x000001c9cef7ace0 JavaThread "Cache worker for execution history cache (C:\Users\ASUS-PC\.gradle\caches\7.6.3\executionHistory)" [_thread_blocked, id=5580, stack(0x0000003488d00000,0x0000003488e00000)]
  0x000001c9cef7df80 JavaThread "jar transforms" [_thread_blocked, id=8728, stack(0x0000003488e00000,0x0000003488f00000)]

Other Threads:
  0x000001c9ffa52d80 VMThread "VM Thread" [stack: 0x0000003486900000,0x0000003486a00000] [id=2296]
  0x000001c9e56801f0 WatcherThread [stack: 0x0000003487500000,0x0000003487600000] [id=4328]
  0x000001c9e5661df0 GCTaskThread "GC Thread#0" [stack: 0x0000003486400000,0x0000003486500000] [id=13576]
  0x000001c9cd2ea900 GCTaskThread "GC Thread#1" [stack: 0x0000003487600000,0x0000003487700000] [id=14732]
  0x000001c9cd2b1e20 GCTaskThread "GC Thread#2" [stack: 0x0000003487700000,0x0000003487800000] [id=4484]
  0x000001c9cde69da0 GCTaskThread "GC Thread#3" [stack: 0x0000003487800000,0x0000003487900000] [id=10472]
  0x000001c9e5672d40 ConcurrentGCThread "G1 Main Marker" [stack: 0x0000003486500000,0x0000003486600000] [id=14960]
  0x000001c9e5673750 ConcurrentGCThread "G1 Conc#0" [stack: 0x0000003486600000,0x0000003486700000] [id=5688]
  0x000001c9e56a70d0 ConcurrentGCThread "G1 Refine#0" [stack: 0x0000003486700000,0x0000003486800000] [id=15060]
  0x000001c9ff924900 ConcurrentGCThread "G1 Service" [stack: 0x0000003486800000,0x0000003486900000] [id=1544]

Threads with active compile tasks:
C2 CompilerThread0    10639 3620       4       sun.nio.fs.WindowsPathParser::normalize (233 bytes)
C1 CompilerThread0    10639 3647       3       org.codehaus.groovy.runtime.metaclass.MetaMethodIndex::copyNonPrivateNonNewMetaMethods (171 bytes)

VM state: not at safepoint (normal execution)

VM Mutex/Monitor currently owned by a thread: None

Heap address: 0x0000000700000000, size: 4096 MB, Compressed Oops mode: Zero based, Oop shift amount: 3

CDS archive(s) mapped at: [0x000001c988000000-0x000001c988bd0000-0x000001c988bd0000), size 12386304, SharedBaseAddress: 0x000001c988000000, ArchiveRelocationMode: 1.
Compressed class space mapped at: 0x000001c989000000-0x000001c9c9000000, reserved size: 1073741824
Narrow klass base: 0x000001c988000000, Narrow klass shift: 0, Narrow klass range: 0x100000000

GC Precious Log:
 CPUs: 4 total, 4 available
 Memory: 3834M
 Large Page Support: Disabled
 NUMA Support: Disabled
 Compressed Oops: Enabled (Zero based)
 Heap Region Size: 2M
 Heap Min Capacity: 8M
 Heap Initial Capacity: 60M
 Heap Max Capacity: 4G
 Pre-touch: Disabled
 Parallel Workers: 4
 Concurrent Workers: 1
 Concurrent Refinement Workers: 4
 Periodic GC: Disabled

Heap:
 garbage-first heap   total 61440K, used 41448K [0x0000000700000000, 0x0000000800000000)
  region size 2048K, 10 young (20480K), 2 survivors (4096K)
 Metaspace       used 29893K, committed 30272K, reserved 1114112K
  class space    used 4205K, committed 4352K, reserved 1048576K

Heap Regions: E=young(eden), S=young(survivor), O=old, HS=humongous(starts), HC=humongous(continues), CS=collection set, F=free, OA=open archive, CA=closed archive, TAMS=top-at-mark-start (previous, next)
|   0|0x0000000700000000, 0x0000000700200000, 0x0000000700200000|100%| O|  |TAMS 0x0000000700200000, 0x0000000700000000| Untracked 
|   1|0x0000000700200000, 0x0000000700400000, 0x0000000700400000|100%|HS|  |TAMS 0x0000000700400000, 0x0000000700200000| Complete 
|   2|0x0000000700400000, 0x0000000700600000, 0x0000000700600000|100%|HC|  |TAMS 0x0000000700600000, 0x0000000700400000| Complete 
|   3|0x0000000700600000, 0x0000000700800000, 0x0000000700800000|100%| O|  |TAMS 0x0000000700800000, 0x0000000700600000| Untracked 
|   4|0x0000000700800000, 0x0000000700a00000, 0x0000000700a00000|100%| O|  |TAMS 0x0000000700a00000, 0x0000000700800000| Untracked 
|   5|0x0000000700a00000, 0x0000000700c00000, 0x0000000700c00000|100%| O|  |TAMS 0x0000000700c00000, 0x0000000700a00000| Untracked 
|   6|0x0000000700c00000, 0x0000000700e00000, 0x0000000700e00000|100%| O|  |TAMS 0x0000000700e00000, 0x0000000700c00000| Untracked 
|   7|0x0000000700e00000, 0x0000000701000000, 0x0000000701000000|100%| O|  |TAMS 0x0000000701000000, 0x0000000700e00000| Untracked 
|   8|0x0000000701000000, 0x0000000701200000, 0x0000000701200000|100%| O|  |TAMS 0x0000000701200000, 0x0000000701000000| Untracked 
|   9|0x0000000701200000, 0x0000000701400000, 0x0000000701400000|100%| O|  |TAMS 0x0000000701273000, 0x0000000701200000| Untracked 
|  10|0x0000000701400000, 0x0000000701600000, 0x0000000701600000|100%| O|  |TAMS 0x0000000701400000, 0x0000000701400000| Untracked 
|  11|0x0000000701600000, 0x000000070167a000, 0x0000000701800000| 23%| O|  |TAMS 0x0000000701600000, 0x0000000701600000| Untracked 
|  12|0x0000000701800000, 0x0000000701800000, 0x0000000701a00000|  0%| F|  |TAMS 0x0000000701800000, 0x0000000701800000| Untracked 
|  13|0x0000000701a00000, 0x0000000701a00000, 0x0000000701c00000|  0%| F|  |TAMS 0x0000000701a00000, 0x0000000701a00000| Untracked 
|  14|0x0000000701c00000, 0x0000000701c00000, 0x0000000701e00000|  0%| F|  |TAMS 0x0000000701c00000, 0x0000000701c00000| Untracked 
|  15|0x0000000701e00000, 0x0000000701e00000, 0x0000000702000000|  0%| F|  |TAMS 0x0000000701e00000, 0x0000000701e00000| Untracked 
|  16|0x0000000702000000, 0x0000000702000000, 0x0000000702200000|  0%| F|  |TAMS 0x0000000702000000, 0x0000000702000000| Untracked 
|  17|0x0000000702200000, 0x0000000702400000, 0x0000000702400000|100%| S|CS|TAMS 0x0000000702200000, 0x0000000702200000| Complete 
|  18|0x0000000702400000, 0x0000000702400000, 0x0000000702600000|  0%| F|  |TAMS 0x0000000702400000, 0x0000000702400000| Untracked 
|  19|0x0000000702600000, 0x0000000702800000, 0x0000000702800000|100%| S|CS|TAMS 0x0000000702600000, 0x0000000702600000| Complete 
|  20|0x0000000702800000, 0x0000000702800000, 0x0000000702a00000|  0%| F|  |TAMS 0x0000000702800000, 0x0000000702800000| Untracked 
|  21|0x0000000702a00000, 0x0000000702a00000, 0x0000000702c00000|  0%| F|  |TAMS 0x0000000702a00000, 0x0000000702a00000| Untracked 
|  22|0x0000000702c00000, 0x0000000702c56b48, 0x0000000702e00000| 16%| E|  |TAMS 0x0000000702c00000, 0x0000000702c00000| Complete 
|  23|0x0000000702e00000, 0x0000000703000000, 0x0000000703000000|100%| E|CS|TAMS 0x0000000702e00000, 0x0000000702e00000| Complete 
|  24|0x0000000703000000, 0x0000000703200000, 0x0000000703200000|100%| E|CS|TAMS 0x0000000703000000, 0x0000000703000000| Complete 
|  25|0x0000000703200000, 0x0000000703400000, 0x0000000703400000|100%| E|CS|TAMS 0x0000000703200000, 0x0000000703200000| Complete 
|  26|0x0000000703400000, 0x0000000703600000, 0x0000000703600000|100%| E|CS|TAMS 0x0000000703400000, 0x0000000703400000| Complete 
|  27|0x0000000703600000, 0x0000000703800000, 0x0000000703800000|100%| E|CS|TAMS 0x0000000703600000, 0x0000000703600000| Complete 
|  28|0x0000000703800000, 0x0000000703a00000, 0x0000000703a00000|100%| E|CS|TAMS 0x0000000703800000, 0x0000000703800000| Complete 
|  29|0x0000000703a00000, 0x0000000703c00000, 0x0000000703c00000|100%| E|CS|TAMS 0x0000000703a00000, 0x0000000703a00000| Complete 

Card table byte_map: [0x000001c9fc6a0000,0x000001c9fcea0000] _byte_map_base: 0x000001c9f8ea0000

Marking Bits (Prev, Next): (CMBitMap*) 0x000001c9e5662450, (CMBitMap*) 0x000001c9e5662410
 Prev Bits: [0x000001c984000000, 0x000001c988000000)
 Next Bits: [0x000001c980000000, 0x000001c984000000)

Polling page: 0x000001c9e3540000

Metaspace:

Usage:
  Non-class:     25.09 MB used.
      Class:      4.11 MB used.
       Both:     29.19 MB used.

Virtual space:
  Non-class space:       64.00 MB reserved,      25.31 MB ( 40%) committed,  1 nodes.
      Class space:        1.00 GB reserved,       4.25 MB ( <1%) committed,  1 nodes.
             Both:        1.06 GB reserved,      29.56 MB (  3%) committed. 

Chunk freelists:
   Non-Class:  6.11 MB
       Class:  11.75 MB
        Both:  17.86 MB

MaxMetaspaceSize: unlimited
CompressedClassSpaceSize: 1.00 GB
Initial GC threshold: 21.00 MB
Current GC threshold: 35.25 MB
CDS: on
MetaspaceReclaimPolicy: balanced
 - commit_granule_bytes: 65536.
 - commit_granule_words: 8192.
 - virtual_space_node_default_size: 8388608.
 - enlarge_chunks_in_place: 1.
 - new_chunks_are_fully_committed: 0.
 - uncommit_free_chunks: 1.
 - use_allocation_guard: 0.
 - handle_deallocations: 1.


Internal statistics:

num_allocs_failed_limit: 3.
num_arena_births: 298.
num_arena_deaths: 0.
num_vsnodes_births: 2.
num_vsnodes_deaths: 0.
num_space_committed: 473.
num_space_uncommitted: 0.
num_chunks_returned_to_freelist: 3.
num_chunks_taken_from_freelist: 1304.
num_chunk_merges: 3.
num_chunk_splits: 889.
num_chunks_enlarged: 663.
num_inconsistent_stats: 0.

CodeHeap 'non-profiled nmethods': size=120000Kb used=1740Kb max_used=1740Kb free=118259Kb
 bounds [0x000001c9f4970000, 0x000001c9f4be0000, 0x000001c9fbea0000]
CodeHeap 'profiled nmethods': size=120000Kb used=7513Kb max_used=7513Kb free=112486Kb
 bounds [0x000001c9ecea0000, 0x000001c9ed600000, 0x000001c9f43d0000]
CodeHeap 'non-nmethods': size=5760Kb used=1592Kb max_used=1628Kb free=4168Kb
 bounds [0x000001c9f43d0000, 0x000001c9f4640000, 0x000001c9f4970000]
 total_blobs=4287 nmethods=3638 adapters=560
 compilation: enabled
              stopped_count=0, restarted_count=0
 full_count=0

Compilation events (20 events):
Event: 10.564 Thread 0x000001c9ffa7f310 3614       3       java.lang.invoke.InnerClassLambdaMetafactory$ForwardingMethodGenerator::invocationOpcode (104 bytes)
Event: 10.565 Thread 0x000001c9ffa7f310 nmethod 3614 0x000001c9ed5e4a10 code [0x000001c9ed5e4c60, 0x000001c9ed5e54b8]
Event: 10.565 Thread 0x000001c9ffa7f310 3615       3       java.lang.invoke.InnerClassLambdaMetafactory::getReturnOpcode (20 bytes)
Event: 10.565 Thread 0x000001c9ffa7f310 nmethod 3615 0x000001c9ed5e5790 code [0x000001c9ed5e5940, 0x000001c9ed5e5ac8]
Event: 10.565 Thread 0x000001c9ffa7f310 3616       3       java.lang.invoke.MethodHandles$Lookup::makeHiddenClassDefiner (22 bytes)
Event: 10.565 Thread 0x000001c9ffa7f310 nmethod 3616 0x000001c9ed5e5b90 code [0x000001c9ed5e5d40, 0x000001c9ed5e5f28]
Event: 10.566 Thread 0x000001c9ffa76040 nmethod 3619 0x000001c9f4b21b90 code [0x000001c9f4b21d20, 0x000001c9f4b21eb8]
Event: 10.566 Thread 0x000001c9ffa76040 3620       4       sun.nio.fs.WindowsPathParser::normalize (233 bytes)
Event: 10.575 Thread 0x000001c9ffa7f310 3624       3       java.util.concurrent.locks.AbstractQueuedSynchronizer$Node::getAndUnsetStatus (14 bytes)
Event: 10.576 Thread 0x000001c9ffa7f310 nmethod 3624 0x000001c9ed5e6090 code [0x000001c9ed5e6240, 0x000001c9ed5e6548]
Event: 10.578 Thread 0x000001c9ffa7f310 3625       3       com.google.common.io.CountingInputStream::read (25 bytes)
Event: 10.578 Thread 0x000001c9ffa7f310 nmethod 3625 0x000001c9ed5e6690 code [0x000001c9ed5e6840, 0x000001c9ed5e6a68]
Event: 10.578 Thread 0x000001c9ffa7f310 3626       3       org.gradle.cache.internal.btree.FreeListBlockStore$FreeListEntry::<init> (7 bytes)
Event: 10.579 Thread 0x000001c9ffa7f310 nmethod 3626 0x000001c9ed5e6b90 code [0x000001c9ed5e6d40, 0x000001c9ed5e6f78]
Event: 10.579 Thread 0x000001c9ffa7f310 3627       3       org.gradle.cache.internal.btree.FreeListBlockStore$FreeListEntry::<init> (15 bytes)
Event: 10.579 Thread 0x000001c9ffa7f310 nmethod 3627 0x000001c9ed5e7090 code [0x000001c9ed5e7220, 0x000001c9ed5e73f8]
Event: 10.581 Thread 0x000001c9ffa7f310 3630  s    3       java.io.BufferedOutputStream::write (67 bytes)
Event: 10.581 Thread 0x000001c9ffa7f310 nmethod 3630 0x000001c9ed5e7490 code [0x000001c9ed5e76a0, 0x000001c9ed5e7e18]
Event: 10.581 Thread 0x000001c9ffa7f310 3631       1       java.lang.invoke.DirectMethodHandle$Special::isInvokeSpecial (2 bytes)
Event: 10.582 Thread 0x000001c9ffa7f310 nmethod 3631 0x000001c9f4b22910 code [0x000001c9f4b22aa0, 0x000001c9f4b22b78]

GC Heap History (20 events):
Event: 0.978 GC heap before
{Heap before GC invocations=0 (full 0):
 garbage-first heap   total 61440K, used 12288K [0x0000000700000000, 0x0000000800000000)
  region size 2048K, 6 young (12288K), 0 survivors (0K)
 Metaspace       used 945K, committed 1088K, reserved 1114112K
  class space    used 74K, committed 128K, reserved 1048576K
}
Event: 0.984 GC heap after
{Heap after GC invocations=1 (full 0):
 garbage-first heap   total 61440K, used 3475K [0x0000000700000000, 0x0000000800000000)
  region size 2048K, 1 young (2048K), 1 survivors (2048K)
 Metaspace       used 945K, committed 1088K, reserved 1114112K
  class space    used 74K, committed 128K, reserved 1048576K
}
Event: 2.008 GC heap before
{Heap before GC invocations=1 (full 0):
 garbage-first heap   total 61440K, used 17811K [0x0000000700000000, 0x0000000800000000)
  region size 2048K, 7 young (14336K), 1 survivors (2048K)
 Metaspace       used 3031K, committed 3200K, reserved 1114112K
  class space    used 380K, committed 448K, reserved 1048576K
}
Event: 2.014 GC heap after
{Heap after GC invocations=2 (full 0):
 garbage-first heap   total 61440K, used 10235K [0x0000000700000000, 0x0000000800000000)
  region size 2048K, 1 young (2048K), 1 survivors (2048K)
 Metaspace       used 3031K, committed 3200K, reserved 1114112K
  class space    used 380K, committed 448K, reserved 1048576K
}
Event: 2.573 GC heap before
{Heap before GC invocations=2 (full 0):
 garbage-first heap   total 61440K, used 26619K [0x0000000700000000, 0x0000000800000000)
  region size 2048K, 9 young (18432K), 1 survivors (2048K)
 Metaspace       used 3860K, committed 4032K, reserved 1114112K
  class space    used 475K, committed 576K, reserved 1048576K
}
Event: 2.575 GC heap after
{Heap after GC invocations=3 (full 0):
 garbage-first heap   total 61440K, used 10632K [0x0000000700000000, 0x0000000800000000)
  region size 2048K, 2 young (4096K), 2 survivors (4096K)
 Metaspace       used 3860K, committed 4032K, reserved 1114112K
  class space    used 475K, committed 576K, reserved 1048576K
}
Event: 4.375 GC heap before
{Heap before GC invocations=3 (full 0):
 garbage-first heap   total 61440K, used 39304K [0x0000000700000000, 0x0000000800000000)
  region size 2048K, 17 young (34816K), 2 survivors (4096K)
 Metaspace       used 7550K, committed 7808K, reserved 1114112K
  class space    used 1017K, committed 1152K, reserved 1048576K
}
Event: 4.385 GC heap after
{Heap after GC invocations=4 (full 0):
 garbage-first heap   total 61440K, used 16552K [0x0000000700000000, 0x0000000800000000)
  region size 2048K, 3 young (6144K), 3 survivors (6144K)
 Metaspace       used 7550K, committed 7808K, reserved 1114112K
  class space    used 1017K, committed 1152K, reserved 1048576K
}
Event: 5.758 GC heap before
{Heap before GC invocations=4 (full 0):
 garbage-first heap   total 61440K, used 37032K [0x0000000700000000, 0x0000000800000000)
  region size 2048K, 13 young (26624K), 3 survivors (6144K)
 Metaspace       used 12129K, committed 12352K, reserved 1114112K
  class space    used 1679K, committed 1792K, reserved 1048576K
}
Event: 5.766 GC heap after
{Heap after GC invocations=5 (full 0):
 garbage-first heap   total 61440K, used 19130K [0x0000000700000000, 0x0000000800000000)
  region size 2048K, 2 young (4096K), 2 survivors (4096K)
 Metaspace       used 12129K, committed 12352K, reserved 1114112K
  class space    used 1679K, committed 1792K, reserved 1048576K
}
Event: 7.151 GC heap before
{Heap before GC invocations=5 (full 0):
 garbage-first heap   total 61440K, used 35514K [0x0000000700000000, 0x0000000800000000)
  region size 2048K, 11 young (22528K), 2 survivors (4096K)
 Metaspace       used 14974K, committed 15232K, reserved 1114112K
  class space    used 2164K, committed 2304K, reserved 1048576K
}
Event: 7.155 GC heap after
{Heap after GC invocations=6 (full 0):
 garbage-first heap   total 61440K, used 20045K [0x0000000700000000, 0x0000000800000000)
  region size 2048K, 2 young (4096K), 2 survivors (4096K)
 Metaspace       used 14974K, committed 15232K, reserved 1114112K
  class space    used 2164K, committed 2304K, reserved 1048576K
}
Event: 8.152 GC heap before
{Heap before GC invocations=6 (full 0):
 garbage-first heap   total 61440K, used 40525K [0x0000000700000000, 0x0000000800000000)
  region size 2048K, 12 young (24576K), 2 survivors (4096K)
 Metaspace       used 18530K, committed 18816K, reserved 1114112K
  class space    used 2726K, committed 2880K, reserved 1048576K
}
Event: 8.158 GC heap after
{Heap after GC invocations=7 (full 0):
 garbage-first heap   total 61440K, used 21649K [0x0000000700000000, 0x0000000800000000)
  region size 2048K, 2 young (4096K), 2 survivors (4096K)
 Metaspace       used 18530K, committed 18816K, reserved 1114112K
  class space    used 2726K, committed 2880K, reserved 1048576K
}
Event: 8.775 GC heap before
{Heap before GC invocations=7 (full 0):
 garbage-first heap   total 61440K, used 40081K [0x0000000700000000, 0x0000000800000000)
  region size 2048K, 12 young (24576K), 2 survivors (4096K)
 Metaspace       used 21155K, committed 21504K, reserved 1114112K
  class space    used 3127K, committed 3328K, reserved 1048576K
}
Event: 8.779 GC heap after
{Heap after GC invocations=8 (full 0):
 garbage-first heap   total 61440K, used 22616K [0x0000000700000000, 0x0000000800000000)
  region size 2048K, 2 young (4096K), 2 survivors (4096K)
 Metaspace       used 21155K, committed 21504K, reserved 1114112K
  class space    used 3127K, committed 3328K, reserved 1048576K
}
Event: 9.466 GC heap before
{Heap before GC invocations=9 (full 0):
 garbage-first heap   total 61440K, used 43096K [0x0000000700000000, 0x0000000800000000)
  region size 2048K, 12 young (24576K), 2 survivors (4096K)
 Metaspace       used 24261K, committed 24576K, reserved 1114112K
  class space    used 3611K, committed 3776K, reserved 1048576K
}
Event: 9.471 GC heap after
{Heap after GC invocations=10 (full 0):
 garbage-first heap   total 61440K, used 24167K [0x0000000700000000, 0x0000000800000000)
  region size 2048K, 2 young (4096K), 2 survivors (4096K)
 Metaspace       used 24261K, committed 24576K, reserved 1114112K
  class space    used 3611K, committed 3776K, reserved 1048576K
}
Event: 10.250 GC heap before
{Heap before GC invocations=10 (full 0):
 garbage-first heap   total 61440K, used 42599K [0x0000000700000000, 0x0000000800000000)
  region size 2048K, 12 young (24576K), 2 survivors (4096K)
 Metaspace       used 28713K, committed 29056K, reserved 1114112K
  class space    used 4031K, committed 4224K, reserved 1048576K
}
Event: 10.257 GC heap after
{Heap after GC invocations=11 (full 0):
 garbage-first heap   total 61440K, used 27112K [0x0000000700000000, 0x0000000800000000)
  region size 2048K, 2 young (4096K), 2 survivors (4096K)
 Metaspace       used 28713K, committed 29056K, reserved 1114112K
  class space    used 4031K, committed 4224K, reserved 1048576K
}

Deoptimization events (20 events):
Event: 9.926 Thread 0x000001c9cdff2790 Uncommon trap: trap_request=0xffffff45 fr.pc=0x000001c9f4a7e3d4 relative=0x0000000000005f94
Event: 9.926 Thread 0x000001c9cdff2790 Uncommon trap: reason=unstable_if action=reinterpret pc=0x000001c9f4a7e3d4 method=java.lang.ClassLoader.getClassLoadingLock(Ljava/lang/String;)Ljava/lang/Object; @ 6 c2
Event: 9.926 Thread 0x000001c9cdff2790 DEOPT PACKING pc=0x000001c9f4a7e3d4 sp=0x0000003487ff90e0
Event: 9.926 Thread 0x000001c9cdff2790 DEOPT UNPACKING pc=0x000001c9f4425ba3 sp=0x0000003487ff9110 mode 2
Event: 9.943 Thread 0x000001c9cdff2790 Uncommon trap: trap_request=0xffffffc6 fr.pc=0x000001c9f4ac2a08 relative=0x0000000000004348
Event: 9.943 Thread 0x000001c9cdff2790 Uncommon trap: reason=bimorphic_or_optimized_type_check action=maybe_recompile pc=0x000001c9f4ac2a08 method=java.net.URL.<init>(Ljava/net/URL;Ljava/lang/String;Ljava/net/URLStreamHandler;)V @ 504 c2
Event: 9.943 Thread 0x000001c9cdff2790 DEOPT PACKING pc=0x000001c9f4ac2a08 sp=0x0000003487ff8860
Event: 9.943 Thread 0x000001c9cdff2790 DEOPT UNPACKING pc=0x000001c9f4425ba3 sp=0x0000003487ff8800 mode 2
Event: 10.115 Thread 0x000001c9cdff2790 Uncommon trap: trap_request=0xffffff45 fr.pc=0x000001c9f4a61c80 relative=0x00000000000000e0
Event: 10.115 Thread 0x000001c9cdff2790 Uncommon trap: reason=unstable_if action=reinterpret pc=0x000001c9f4a61c80 method=java.lang.ClassLoader.getClassLoadingLock(Ljava/lang/String;)Ljava/lang/Object; @ 6 c2
Event: 10.115 Thread 0x000001c9cdff2790 DEOPT PACKING pc=0x000001c9f4a61c80 sp=0x0000003487ff9170
Event: 10.115 Thread 0x000001c9cdff2790 DEOPT UNPACKING pc=0x000001c9f4425ba3 sp=0x0000003487ff9110 mode 2
Event: 10.206 Thread 0x000001c9cdff2790 DEOPT PACKING pc=0x000001c9ed54bd50 sp=0x0000003487ff8a90
Event: 10.206 Thread 0x000001c9cdff2790 DEOPT UNPACKING pc=0x000001c9f44266e3 sp=0x0000003487ff7fa8 mode 0
Event: 10.358 Thread 0x000001c9cdff2790 Uncommon trap: trap_request=0xffffff45 fr.pc=0x000001c9f4aac5f8 relative=0x0000000000006a18
Event: 10.358 Thread 0x000001c9cdff2790 Uncommon trap: reason=unstable_if action=reinterpret pc=0x000001c9f4aac5f8 method=jdk.internal.org.objectweb.asm.SymbolTable.addType(Ljava/lang/String;)I @ 33 c2
Event: 10.359 Thread 0x000001c9cdff2790 DEOPT PACKING pc=0x000001c9f4aac5f8 sp=0x0000003487ff95f0
Event: 10.359 Thread 0x000001c9cdff2790 DEOPT UNPACKING pc=0x000001c9f4425ba3 sp=0x0000003487ff9518 mode 2
Event: 10.564 Thread 0x000001c9cdff2790 DEOPT PACKING pc=0x000001c9ecf4edf4 sp=0x0000003487ff9a40
Event: 10.564 Thread 0x000001c9cdff2790 DEOPT UNPACKING pc=0x000001c9f44266e3 sp=0x0000003487ff8fc0 mode 0

Classes unloaded (0 events):
No events

Classes redefined (0 events):
No events

Internal exceptions (20 events):
Event: 9.338 Thread 0x000001c9cdff2790 Exception <a 'java/lang/NoSuchMethodError'{0x00000007028ef668}: 'void java.lang.invoke.DirectMethodHandle$Holder.invokeStaticInit(java.lang.Object, java.lang.Object, java.lang.Object)'> (0x00000007028ef668) 
thrown [s\open\src\hotspot\share\interpreter\linkResolver.cpp, line 759]
Event: 9.343 Thread 0x000001c9cdff2790 Exception <a 'java/lang/NoSuchMethodError'{0x00000007028f6b08}: 'void java.lang.invoke.DirectMethodHandle$Holder.invokeStaticInit(java.lang.Object, java.lang.Object, java.lang.Object, java.lang.Object)'> (0x00000007028f6b08) 
thrown [s\open\src\hotspot\share\interpreter\linkResolver.cpp, line 759]
Event: 9.351 Thread 0x000001c9cdff2790 Exception <a 'java/lang/NoSuchMethodError'{0x0000000702918df0}: 'void java.lang.invoke.DirectMethodHandle$Holder.invokeStaticInit(java.lang.Object, java.lang.Object, java.lang.Object, java.lang.Object, java.lang.Object)'> (0x0000000702918df0) 
thrown [s\open\src\hotspot\share\interpreter\linkResolver.cpp, line 759]
Event: 9.402 Thread 0x000001c9cdff2790 Exception <a 'java/lang/NoSuchMethodError'{0x0000000702973f88}: 'int java.lang.invoke.DirectMethodHandle$Holder.invokeStaticInit(java.lang.Object, java.lang.Object, java.lang.Object, java.lang.Object)'> (0x0000000702973f88) 
thrown [s\open\src\hotspot\share\interpreter\linkResolver.cpp, line 759]
Event: 9.818 Thread 0x000001c9cdff2790 Exception <a 'java/lang/ClassNotFoundException'{0x0000000703486bf0}: groovy/lang/ExpandoMetaClassBeanInfo> (0x0000000703486bf0) 
thrown [s\open\src\hotspot\share\classfile\systemDictionary.cpp, line 256]
Event: 9.819 Thread 0x000001c9cdff2790 Exception <a 'java/lang/ClassNotFoundException'{0x000000070349d5a8}: groovy/lang/MetaClassImplBeanInfo> (0x000000070349d5a8) 
thrown [s\open\src\hotspot\share\classfile\systemDictionary.cpp, line 256]
Event: 9.820 Thread 0x000001c9cdff2790 Exception <a 'java/lang/ClassNotFoundException'{0x00000007034a2560}: java/lang/ObjectBeanInfo> (0x00000007034a2560) 
thrown [s\open\src\hotspot\share\classfile\systemDictionary.cpp, line 256]
Event: 9.821 Thread 0x000001c9cdff2790 Exception <a 'java/lang/ClassNotFoundException'{0x00000007034a7bd0}: java/lang/ObjectCustomizer> (0x00000007034a7bd0) 
thrown [s\open\src\hotspot\share\classfile\systemDictionary.cpp, line 256]
Event: 9.829 Thread 0x000001c9cdff2790 Exception <a 'java/lang/IncompatibleClassChangeError'{0x00000007034ac5f8}: Found class java.lang.Object, but interface was expected> (0x00000007034ac5f8) 
thrown [s\open\src\hotspot\share\interpreter\linkResolver.cpp, line 826]
Event: 9.834 Thread 0x000001c9cdff2790 Exception <a 'java/lang/ClassNotFoundException'{0x00000007034c81d0}: groovy/lang/MetaClassImplCustomizer> (0x00000007034c81d0) 
thrown [s\open\src\hotspot\share\classfile\systemDictionary.cpp, line 256]
Event: 9.837 Thread 0x000001c9cdff2790 Exception <a 'java/lang/ClassNotFoundException'{0x00000007034fd608}: groovy/lang/ExpandoMetaClassCustomizer> (0x00000007034fd608) 
thrown [s\open\src\hotspot\share\classfile\systemDictionary.cpp, line 256]
Event: 10.354 Thread 0x000001c9cdff2790 Exception <a 'java/lang/ClassNotFoundException'{0x0000000703226fe0}: org/gradle/internal/extensibility/DefaultExtraPropertiesExtensionBeanInfo> (0x0000000703226fe0) 
thrown [s\open\src\hotspot\share\classfile\systemDictionary.cpp, line 256]
Event: 10.357 Thread 0x000001c9cdff2790 Exception <a 'java/lang/ClassNotFoundException'{0x000000070323da28}: groovy/lang/GroovyObjectSupportBeanInfo> (0x000000070323da28) 
thrown [s\open\src\hotspot\share\classfile\systemDictionary.cpp, line 256]
Event: 10.357 Thread 0x000001c9cdff2790 Exception <a 'java/lang/ClassNotFoundException'{0x0000000703254488}: groovy/lang/GroovyObjectSupportCustomizer> (0x0000000703254488) 
thrown [s\open\src\hotspot\share\classfile\systemDictionary.cpp, line 256]
Event: 10.360 Thread 0x000001c9cdff2790 Exception <a 'java/lang/ClassNotFoundException'{0x000000070326d0c0}: org/gradle/internal/extensibility/DefaultExtraPropertiesExtensionCustomizer> (0x000000070326d0c0) 
thrown [s\open\src\hotspot\share\classfile\systemDictionary.cpp, line 256]
Event: 10.482 Thread 0x000001c9cdff2790 Exception <a 'java/lang/NoSuchMethodError'{0x000000070304edc8}: 'java.lang.Object java.lang.invoke.DirectMethodHandle$Holder.newInvokeSpecial(java.lang.Object, java.lang.Object, long)'> (0x000000070304edc8) 
thrown [s\open\src\hotspot\share\interpreter\linkResolver.cpp, line 759]
Event: 10.483 Thread 0x000001c9cdff2790 Exception <a 'java/lang/NoSuchMethodError'{0x0000000703053680}: 'java.lang.Object java.lang.invoke.Invokers$Holder.linkToTargetMethod(java.lang.Object, long, java.lang.Object)'> (0x0000000703053680) 
thrown [s\open\src\hotspot\share\interpreter\linkResolver.cpp, line 759]
Event: 10.568 Thread 0x000001c9cdff2790 Exception <a 'java/lang/NoSuchMethodError'{0x0000000702e4c2e0}: 'java.lang.Object java.lang.invoke.DirectMethodHandle$Holder.invokeStatic(java.lang.Object, java.lang.Object, int, java.lang.Object)'> (0x0000000702e4c2e0) 
thrown [s\open\src\hotspot\share\interpreter\linkResolver.cpp, line 759]
Event: 10.569 Thread 0x000001c9cdff2790 Exception <a 'java/lang/NoSuchMethodError'{0x0000000702e53e98}: 'java.lang.Object java.lang.invoke.DirectMethodHandle$Holder.newInvokeSpecial(java.lang.Object, java.lang.Object, int, java.lang.Object)'> (0x0000000702e53e98) 
thrown [s\open\src\hotspot\share\interpreter\linkResolver.cpp, line 759]
Event: 10.570 Thread 0x000001c9cdff2790 Exception <a 'java/lang/NoSuchMethodError'{0x0000000702e58780}: 'java.lang.Object java.lang.invoke.DirectMethodHandle$Holder.invokeSpecial(java.lang.Object, java.lang.Object, java.lang.Object, int, java.lang.Object)'> (0x0000000702e58780) 
thrown [s\open\src\hotspot\share\interpreter\linkResolver.cpp, line 759]

VM Operations (20 events):
Event: 9.736 Executing VM operation: HandshakeAllThreads
Event: 9.736 Executing VM operation: HandshakeAllThreads done
Event: 9.838 Executing VM operation: HandshakeAllThreads
Event: 9.838 Executing VM operation: HandshakeAllThreads done
Event: 9.943 Executing VM operation: HandshakeAllThreads
Event: 9.943 Executing VM operation: HandshakeAllThreads done
Event: 9.944 Executing VM operation: HandshakeAllThreads
Event: 9.944 Executing VM operation: HandshakeAllThreads done
Event: 9.953 Executing VM operation: HandshakeAllThreads
Event: 9.953 Executing VM operation: HandshakeAllThreads done
Event: 9.965 Executing VM operation: HandshakeAllThreads
Event: 9.965 Executing VM operation: HandshakeAllThreads done
Event: 10.129 Executing VM operation: HandshakeAllThreads
Event: 10.129 Executing VM operation: HandshakeAllThreads done
Event: 10.250 Executing VM operation: G1CollectForAllocation
Event: 10.257 Executing VM operation: G1CollectForAllocation done
Event: 10.522 Executing VM operation: HandshakeAllThreads
Event: 10.523 Executing VM operation: HandshakeAllThreads done
Event: 10.525 Executing VM operation: HandshakeAllThreads
Event: 10.525 Executing VM operation: HandshakeAllThreads done

Events (20 events):
Event: 10.142 loading class jdk/internal/jimage/ImageReader$Resource done
Event: 10.345 loading class java/util/WeakHashMap$KeyIterator
Event: 10.345 loading class java/util/WeakHashMap$HashIterator
Event: 10.345 loading class java/util/WeakHashMap$HashIterator done
Event: 10.345 loading class java/util/WeakHashMap$KeyIterator done
Event: 10.382 loading class java/io/StringReader
Event: 10.383 loading class java/io/StringReader done
Event: 10.406 loading class java/lang/StrictMath
Event: 10.407 loading class java/lang/StrictMath done
Event: 10.407 loading class java/math/MutableBigInteger
Event: 10.408 loading class java/math/MutableBigInteger done
Event: 10.436 loading class java/lang/invoke/SerializedLambda
Event: 10.436 loading class java/lang/invoke/SerializedLambda done
Event: 10.437 loading class java/lang/ProcessBuilder
Event: 10.440 loading class java/lang/ProcessBuilder done
Event: 10.535 loading class java/nio/charset/CharacterCodingException
Event: 10.535 loading class java/nio/charset/CharacterCodingException done
Event: 10.571 Thread 0x000001c9cef7df80 Thread added: 0x000001c9cef7df80
Event: 10.574 loading class sun/nio/fs/WindowsPath$1
Event: 10.574 loading class sun/nio/fs/WindowsPath$1 done


Dynamic libraries:
0x00007ff65b2e0000 - 0x00007ff65b2f0000 	C:\Program Files\Java\jdk-17\bin\java.exe
0x00007fff73e10000 - 0x00007fff74027000 	C:\WINDOWS\SYSTEM32\ntdll.dll
0x00007fff72a10000 - 0x00007fff72ad4000 	C:\WINDOWS\System32\KERNEL32.DLL
0x00007fff71130000 - 0x00007fff714d7000 	C:\WINDOWS\System32\KERNELBASE.dll
0x00007fff71a20000 - 0x00007fff71b31000 	C:\WINDOWS\System32\ucrtbase.dll
0x00007fff63b90000 - 0x00007fff63ba9000 	C:\Program Files\Java\jdk-17\bin\jli.dll
0x00007fff6bf60000 - 0x00007fff6bf7b000 	C:\Program Files\Java\jdk-17\bin\VCRUNTIME140.dll
0x00007fff72f40000 - 0x00007fff72ff2000 	C:\WINDOWS\System32\ADVAPI32.dll
0x00007fff72d70000 - 0x00007fff72e17000 	C:\WINDOWS\System32\msvcrt.dll
0x00007fff72cc0000 - 0x00007fff72d68000 	C:\WINDOWS\System32\sechost.dll
0x00007fff714e0000 - 0x00007fff71508000 	C:\WINDOWS\System32\bcrypt.dll
0x00007fff73c60000 - 0x00007fff73d75000 	C:\WINDOWS\System32\RPCRT4.dll
0x00007fff72090000 - 0x00007fff7223e000 	C:\WINDOWS\System32\USER32.dll
0x00007fff71790000 - 0x00007fff717b6000 	C:\WINDOWS\System32\win32u.dll
0x00007fff73010000 - 0x00007fff73039000 	C:\WINDOWS\System32\GDI32.dll
0x00007fff71510000 - 0x00007fff71629000 	C:\WINDOWS\System32\gdi32full.dll
0x00007fff71630000 - 0x00007fff716ca000 	C:\WINDOWS\System32\msvcp_win.dll
0x00007fff62480000 - 0x00007fff62713000 	C:\WINDOWS\WinSxS\amd64_microsoft.windows.common-controls_6595b64144ccf1df_6.0.22621.3527_none_270e469b73872a76\COMCTL32.dll
0x00007fff63630000 - 0x00007fff6363a000 	C:\WINDOWS\SYSTEM32\VERSION.dll
0x00007fff71b40000 - 0x00007fff71b71000 	C:\WINDOWS\System32\IMM32.DLL
0x00007fff6e010000 - 0x00007fff6e01c000 	C:\Program Files\Java\jdk-17\bin\vcruntime140_1.dll
0x00007fff5f2d0000 - 0x00007fff5f35e000 	C:\Program Files\Java\jdk-17\bin\msvcp140.dll
0x00007fff011e0000 - 0x00007fff01dbf000 	C:\Program Files\Java\jdk-17\bin\server\jvm.dll
0x00007fff71b80000 - 0x00007fff71b88000 	C:\WINDOWS\System32\PSAPI.DLL
0x00007fff63ad0000 - 0x00007fff63b04000 	C:\WINDOWS\SYSTEM32\WINMM.dll
0x00007fff53d10000 - 0x00007fff53d19000 	C:\WINDOWS\SYSTEM32\WSOCK32.dll
0x00007fff73200000 - 0x00007fff73271000 	C:\WINDOWS\System32\WS2_32.dll
0x00007fff70150000 - 0x00007fff70168000 	C:\WINDOWS\SYSTEM32\kernel.appcore.dll
0x00007fff63b80000 - 0x00007fff63b8a000 	C:\Program Files\Java\jdk-17\bin\jimage.dll
0x00007fff6e9a0000 - 0x00007fff6ebd2000 	C:\WINDOWS\SYSTEM32\DBGHELP.DLL
0x00007fff71c20000 - 0x00007fff71fa8000 	C:\WINDOWS\System32\combase.dll
0x00007fff71fb0000 - 0x00007fff72087000 	C:\WINDOWS\System32\OLEAUT32.dll
0x00007fff62370000 - 0x00007fff623a2000 	C:\WINDOWS\SYSTEM32\dbgcore.DLL
0x00007fff71930000 - 0x00007fff719a9000 	C:\WINDOWS\System32\bcryptPrimitives.dll
0x00007fff63b50000 - 0x00007fff63b75000 	C:\Program Files\Java\jdk-17\bin\java.dll
0x00007fff48080000 - 0x00007fff48157000 	C:\Program Files\Java\jdk-17\bin\jsvml.dll
0x00007fff73400000 - 0x00007fff73c5c000 	C:\WINDOWS\System32\SHELL32.dll
0x00007fff6f070000 - 0x00007fff6f966000 	C:\WINDOWS\SYSTEM32\windows.storage.dll
0x00007fff6ef30000 - 0x00007fff6f06e000 	C:\WINDOWS\SYSTEM32\wintypes.dll
0x00007fff72e40000 - 0x00007fff72f35000 	C:\WINDOWS\System32\SHCORE.dll
0x00007fff72240000 - 0x00007fff7229e000 	C:\WINDOWS\System32\shlwapi.dll
0x00007fff71060000 - 0x00007fff71081000 	C:\WINDOWS\SYSTEM32\profapi.dll
0x00007fff633b0000 - 0x00007fff633c9000 	C:\Program Files\Java\jdk-17\bin\net.dll
0x00007fff69770000 - 0x00007fff698a6000 	C:\WINDOWS\SYSTEM32\WINHTTP.dll
0x00007fff705c0000 - 0x00007fff70629000 	C:\WINDOWS\system32\mswsock.dll
0x00007fff5f2b0000 - 0x00007fff5f2c6000 	C:\Program Files\Java\jdk-17\bin\nio.dll
0x00007fff5f290000 - 0x00007fff5f2a8000 	C:\Program Files\Java\jdk-17\bin\zip.dll
0x00007fff63b40000 - 0x00007fff63b50000 	C:\Program Files\Java\jdk-17\bin\verify.dll
0x00007fff5f260000 - 0x00007fff5f287000 	C:\Users\ASUS-PC\.gradle\native\c067742578af261105cb4f569cf0c3c89f3d7b1fecec35dd04571415982c5e48\windows-amd64\native-platform.dll
0x00007fff47f30000 - 0x00007fff48074000 	C:\Users\ASUS-PC\.gradle\native\38dada09dfb8b06ba9b0570ebf7e218e3eb74d4ef43ca46872605cf95ebc2f47\windows-amd64\native-platform-file-events.dll
0x00007fff633a0000 - 0x00007fff633aa000 	C:\Program Files\Java\jdk-17\bin\management.dll
0x00007fff5f250000 - 0x00007fff5f25b000 	C:\Program Files\Java\jdk-17\bin\management_ext.dll
0x00007fff70820000 - 0x00007fff7083b000 	C:\WINDOWS\SYSTEM32\CRYPTSP.dll
0x00007fff700b0000 - 0x00007fff700e5000 	C:\WINDOWS\system32\rsaenh.dll
0x00007fff706c0000 - 0x00007fff706e8000 	C:\WINDOWS\SYSTEM32\USERENV.dll
0x00007fff70840000 - 0x00007fff7084c000 	C:\WINDOWS\SYSTEM32\CRYPTBASE.dll
0x00007fff6fbc0000 - 0x00007fff6fbed000 	C:\WINDOWS\SYSTEM32\IPHLPAPI.DLL
0x00007fff71c10000 - 0x00007fff71c19000 	C:\WINDOWS\System32\NSI.dll
0x00007fff69750000 - 0x00007fff69769000 	C:\WINDOWS\SYSTEM32\dhcpcsvc6.DLL
0x00007fff69730000 - 0x00007fff6974f000 	C:\WINDOWS\SYSTEM32\dhcpcsvc.DLL
0x00007fff6fbf0000 - 0x00007fff6fce8000 	C:\WINDOWS\SYSTEM32\DNSAPI.dll
0x00007fff5f200000 - 0x00007fff5f20e000 	C:\Program Files\Java\jdk-17\bin\sunmscapi.dll
0x00007fff717c0000 - 0x00007fff71928000 	C:\WINDOWS\System32\CRYPT32.dll
0x00007fff709e0000 - 0x00007fff70a0e000 	C:\WINDOWS\SYSTEM32\ncrypt.dll
0x00007fff709a0000 - 0x00007fff709d7000 	C:\WINDOWS\SYSTEM32\NTASN1.dll
0x00007fff4bd10000 - 0x00007fff4bd18000 	C:\WINDOWS\system32\wshunix.dll

dbghelp: loaded successfully - version: 4.0.5 - missing functions: none
symbol engine: initialized successfully - sym options: 0x614 - pdb path: .;C:\Program Files\Java\jdk-17\bin;C:\WINDOWS\SYSTEM32;C:\WINDOWS\WinSxS\amd64_microsoft.windows.common-controls_6595b64144ccf1df_6.0.22621.3527_none_270e469b73872a76;C:\Program Files\Java\jdk-17\bin\server;C:\Users\ASUS-PC\.gradle\native\c067742578af261105cb4f569cf0c3c89f3d7b1fecec35dd04571415982c5e48\windows-amd64;C:\Users\ASUS-PC\.gradle\native\38dada09dfb8b06ba9b0570ebf7e218e3eb74d4ef43ca46872605cf95ebc2f47\windows-amd64

VM Arguments:
jvm_args: --add-opens=java.base/java.util=ALL-UNNAMED --add-opens=java.base/java.lang=ALL-UNNAMED --add-opens=java.base/java.lang.invoke=ALL-UNNAMED --add-opens=java.prefs/java.util.prefs=ALL-UNNAMED --add-opens=java.base/java.nio.charset=ALL-UNNAMED --add-opens=java.base/java.net=ALL-UNNAMED --add-opens=java.base/java.util.concurrent.atomic=ALL-UNNAMED -Xmx4G -Dfile.encoding=windows-1252 -Duser.country=US -Duser.language=en -Duser.variant 
java_command: org.gradle.launcher.daemon.bootstrap.GradleDaemon 7.6.3
java_class_path (initial): C:\Users\ASUS-PC\.gradle\wrapper\dists\gradle-7.6.3-all\aocdy2d2z8kodnny3rsumj8i8\gradle-7.6.3\lib\gradle-launcher-7.6.3.jar
Launcher Type: SUN_STANDARD

[Global flags]
     intx CICompilerCount                          = 3                                         {product} {ergonomic}
     uint ConcGCThreads                            = 1                                         {product} {ergonomic}
     uint G1ConcRefinementThreads                  = 4                                         {product} {ergonomic}
   size_t G1HeapRegionSize                         = 2097152                                   {product} {ergonomic}
    uintx GCDrainStackTargetSize                   = 64                                        {product} {ergonomic}
   size_t InitialHeapSize                          = 62914560                                  {product} {ergonomic}
   size_t MarkStackSize                            = 4194304                                   {product} {ergonomic}
   size_t MaxHeapSize                              = 4294967296                                {product} {command line}
   size_t MaxNewSize                               = 2575302656                                {product} {ergonomic}
   size_t MinHeapDeltaBytes                        = 2097152                                   {product} {ergonomic}
   size_t MinHeapSize                              = 8388608                                   {product} {ergonomic}
    uintx NonNMethodCodeHeapSize                   = 5832780                                {pd product} {ergonomic}
    uintx NonProfiledCodeHeapSize                  = 122912730                              {pd product} {ergonomic}
    uintx ProfiledCodeHeapSize                     = 122912730                              {pd product} {ergonomic}
    uintx ReservedCodeCacheSize                    = 251658240                              {pd product} {ergonomic}
     bool SegmentedCodeCache                       = true                                      {product} {ergonomic}
   size_t SoftMaxHeapSize                          = 4294967296                             {manageable} {ergonomic}
     bool UseCompressedClassPointers               = true                           {product lp64_product} {ergonomic}
     bool UseCompressedOops                        = true                           {product lp64_product} {ergonomic}
     bool UseG1GC                                  = true                                      {product} {ergonomic}
     bool UseLargePagesIndividualAllocation        = false                                  {pd product} {ergonomic}

Logging:
Log output configuration:
 #0: stdout all=warning uptime,level,tags
 #1: stderr all=off uptime,level,tags

Environment Variables:
JAVA_HOME=C:\Program Files\Java\jdk-17\
CLASSPATH=D:\sitabung_proyek3\android\\gradle\wrapper\gradle-wrapper.jar
PATH=C:\Program Files\Java\jdk-17\bin;C:\app\ASUS-PC\product\21c\dbhomeXE\bin;C:\Program Files\Common Files\Oracle\Java\javapath;C:\Program Files (x86)\Common Files\Intel\Shared Files\cpp\bin\Intel64;C:\WINDOWS\system32;C:\WINDOWS;C:\WINDOWS\System32\Wbem;C:\WINDOWS\System32\WindowsPowerShell\v1.0\;C:\WINDOWS\System32\OpenSSH\;D:\Git\cmd;C:\xamppp\php;C:\ProgramData\ComposerSetup\bin;ASUS-PC\AppData\Roaming\Composer\vendor\bin;C:\Program Files\nodejs\;C:\xampp-new\php;C:\Program Files\Java\jdk-17\bin;C:\Program Files (x86)\Rational\common;D:\cmdline-tools\platform-tools;D:\cmdline-tools\platforms;D:\flutter\bin;C:\Users\ASUS-PC\AppData\Local\Programs\Python\Python311\Scripts\;C:\Users\ASUS-PC\AppData\Local\Programs\Python\Python311\;C:\Users\ASUS-PC\AppData\Local\Microsoft\WindowsApps;D:\Microsoft VS Code\bin;C:\Users\ASUS-PC\AppData\Roaming\Composer\vendor\bin;C:\Users\ASUS-PC\AppData\Roaming\npm;;D:\flutter\bin\mingit\cmd;D:\flutter\bin\mingit\cmd
USERNAME=ASUS-PC
OS=Windows_NT
PROCESSOR_IDENTIFIER=Intel64 Family 6 Model 126 Stepping 5, GenuineIntel



---------------  S Y S T E M  ---------------

OS:
 Windows 11 , 64 bit Build 22621 (10.0.22621.3527)
OS uptime: 0 days 1:08 hours

CPU: total 4 (initial active 4) (2 cores per cpu, 2 threads per core) family 6 model 126 stepping 5 microcode 0xa8, cx8, cmov, fxsr, ht, mmx, 3dnowpref, sse, sse2, sse3, ssse3, sse4.1, sse4.2, popcnt, lzcnt, tsc, tscinvbit, avx, avx2, aes, erms, clmul, bmi1, bmi2, adx, avx512f, avx512dq, avx512cd, avx512bw, avx512vl, sha, fma, vzeroupper, avx512_vpopcntdq, avx512_vpclmulqdq, avx512_vaes, avx512_vnni, clflush, clflushopt, avx512_vbmi2, avx512_vbmi

Memory: 4k page, system-wide physical 3834M (286M free)
TotalPageFile size 11834M (AvailPageFile size 2M)
current process WorkingSet (physical memory assigned to process): 170M, peak: 187M
current process commit charge ("private bytes"): 204M, peak: 222M

vm_info: Java HotSpot(TM) 64-Bit Server VM (17.0.10+11-LTS-240) for windows-amd64 JRE (17.0.10+11-LTS-240), built on Dec 19 2023 21:47:25 by "mach5one" with MS VC++ 17.1 (VS2022)

END.
