#
# There is insufficient memory for the Java Runtime Environment to continue.
# Native memory allocation (malloc) failed to allocate 673456 bytes for Chunk::new
# Possible reasons:
#   The system is out of physical RAM or swap space
#   The process is running with CompressedOops enabled, and the Java Heap may be blocking the growth of the native heap
# Possible solutions:
#   Reduce memory load on the system
#   Increase physical memory or swap space
#   Check if swap backing store is full
#   Decrease Java heap size (-Xmx/-Xms)
#   Decrease number of Java threads
#   Decrease Java thread stack sizes (-Xss)
#   Set larger code cache with -XX:ReservedCodeCacheSize=
#   JVM is running with Zero Based Compressed Oops mode in which the Java heap is
#     placed in the first 32GB address space. The Java Heap base address is the
#     maximum limit for the native heap growth. Please use -XX:HeapBaseMinAddress
#     to set the Java Heap base and to place the Java Heap above 32GB virtual address.
# This output file may be truncated or incomplete.
#
#  Out of Memory Error (arena.cpp:189), pid=11616, tid=2552
#
# JRE version: Java(TM) SE Runtime Environment (17.0.10+11) (build 17.0.10+11-LTS-240)
# Java VM: Java HotSpot(TM) 64-Bit Server VM (17.0.10+11-LTS-240, mixed mode, sharing, tiered, compressed oops, compressed class ptrs, g1 gc, windows-amd64)
# No core dump will be written. Minidumps are not enabled by default on client versions of Windows
#

---------------  S U M M A R Y ------------

Command Line: --add-opens=java.base/java.util=ALL-UNNAMED --add-opens=java.base/java.lang=ALL-UNNAMED --add-opens=java.base/java.lang.invoke=ALL-UNNAMED --add-opens=java.prefs/java.util.prefs=ALL-UNNAMED --add-opens=java.base/java.nio.charset=ALL-UNNAMED --add-opens=java.base/java.net=ALL-UNNAMED --add-opens=java.base/java.util.concurrent.atomic=ALL-UNNAMED -Xmx4G -Dfile.encoding=windows-1252 -Duser.country=US -Duser.language=en -Duser.variant org.gradle.launcher.daemon.bootstrap.GradleDaemon 7.6.3

Host: Intel(R) Core(TM) i3-1005G1 CPU @ 1.20GHz, 4 cores, 3G,  Windows 11 , 64 bit Build 22621 (10.0.22621.3527)
Time: Mon Jun  3 20:59:19 2024 SE Asia Standard Time elapsed time: 9.930054 seconds (0d 0h 0m 9s)

---------------  T H R E A D  ---------------

Current thread (0x00000185c45954c0):  JavaThread "C2 CompilerThread0" daemon [_thread_in_native, id=2552, stack(0x000000559b700000,0x000000559b800000)]


Current CompileTask:
C2:   9930 3448       4       java.util.regex.Pattern::compile (500 bytes)

Stack: [0x000000559b700000,0x000000559b800000]
Native frames: (J=compiled Java code, j=interpreted, Vv=VM code, C=native code)
V  [jvm.dll+0x677a5a]
V  [jvm.dll+0x7d8b2d]
V  [jvm.dll+0x7da48e]
V  [jvm.dll+0x7daaf3]
V  [jvm.dll+0x2455ff]
V  [jvm.dll+0xaaafb]
V  [jvm.dll+0xab09c]
V  [jvm.dll+0x2aafef]
V  [jvm.dll+0x57fd55]
V  [jvm.dll+0x220472]
V  [jvm.dll+0x22084f]
V  [jvm.dll+0x2197a6]
V  [jvm.dll+0x216c79]
V  [jvm.dll+0x1a3410]
V  [jvm.dll+0x226aeb]
V  [jvm.dll+0x224cab]
V  [jvm.dll+0x78e45c]
V  [jvm.dll+0x78888a]
V  [jvm.dll+0x676935]
C  [ucrtbase.dll+0x29333]
C  [KERNEL32.DLL+0x1257d]
C  [ntdll.dll+0x5aa48]


---------------  P R O C E S S  ---------------

Threads class SMR info:
_java_thread_list=0x000001860c10cad0, length=33, elements={
0x00000185a2035d10, 0x00000185c4577250, 0x00000185c4578420, 0x00000185c458d6b0,
0x00000185c458f280, 0x00000185c4593d60, 0x00000185c4594720, 0x00000185c45954c0,
0x00000185c4595f70, 0x00000185c4606be0, 0x00000185c47d5360, 0x00000185c47d9850,
0x000001860af84700, 0x000001860b760c60, 0x000001860aaa6520, 0x000001860b2914c0,
0x000001860b75f5a0, 0x000001860b3aa440, 0x000001860b3a9000, 0x000001860b3a9f30,
0x000001860b3aa950, 0x000001860b3a9510, 0x000001860b3aae60, 0x000001860b3ab370,
0x000001860b3a80d0, 0x000001860b3a85e0, 0x000001860bda9a10, 0x000001860bda85d0,
0x000001860bda80c0, 0x000001860bda8ae0, 0x000001860bda6770, 0x000001860bda9500,
0x000001860bda9f20
}

Java Threads: ( => current thread )
  0x00000185a2035d10 JavaThread "main" [_thread_blocked, id=14968, stack(0x000000559aa00000,0x000000559ab00000)]
  0x00000185c4577250 JavaThread "Reference Handler" daemon [_thread_blocked, id=6628, stack(0x000000559b100000,0x000000559b200000)]
  0x00000185c4578420 JavaThread "Finalizer" daemon [_thread_blocked, id=7952, stack(0x000000559b200000,0x000000559b300000)]
  0x00000185c458d6b0 JavaThread "Signal Dispatcher" daemon [_thread_blocked, id=14324, stack(0x000000559b300000,0x000000559b400000)]
  0x00000185c458f280 JavaThread "Attach Listener" daemon [_thread_blocked, id=7996, stack(0x000000559b400000,0x000000559b500000)]
  0x00000185c4593d60 JavaThread "Service Thread" daemon [_thread_blocked, id=12024, stack(0x000000559b500000,0x000000559b600000)]
  0x00000185c4594720 JavaThread "Monitor Deflation Thread" daemon [_thread_blocked, id=14056, stack(0x000000559b600000,0x000000559b700000)]
=>0x00000185c45954c0 JavaThread "C2 CompilerThread0" daemon [_thread_in_native, id=2552, stack(0x000000559b700000,0x000000559b800000)]
  0x00000185c4595f70 JavaThread "C1 CompilerThread0" daemon [_thread_blocked, id=7620, stack(0x000000559b800000,0x000000559b900000)]
  0x00000185c4606be0 JavaThread "Sweeper thread" daemon [_thread_blocked, id=13924, stack(0x000000559b900000,0x000000559ba00000)]
  0x00000185c47d5360 JavaThread "Common-Cleaner" daemon [_thread_blocked, id=8304, stack(0x000000559ba00000,0x000000559bb00000)]
  0x00000185c47d9850 JavaThread "Notification Thread" daemon [_thread_blocked, id=13100, stack(0x000000559bb00000,0x000000559bc00000)]
  0x000001860af84700 JavaThread "Daemon health stats" [_thread_blocked, id=2408, stack(0x000000559bd00000,0x000000559be00000)]
  0x000001860b760c60 JavaThread "Incoming local TCP Connector on port 4364" [_thread_in_native, id=13732, stack(0x000000559c100000,0x000000559c200000)]
  0x000001860aaa6520 JavaThread "Daemon periodic checks" [_thread_blocked, id=7392, stack(0x000000559c200000,0x000000559c300000)]
  0x000001860b2914c0 JavaThread "Daemon" [_thread_blocked, id=12976, stack(0x000000559c300000,0x000000559c400000)]
  0x000001860b75f5a0 JavaThread "Handler for socket connection from /127.0.0.1:4364 to /127.0.0.1:4365" [_thread_in_native, id=10456, stack(0x000000559c400000,0x000000559c500000)]
  0x000001860b3aa440 JavaThread "Cancel handler" [_thread_blocked, id=2012, stack(0x000000559c500000,0x000000559c600000)]
  0x000001860b3a9000 JavaThread "Daemon worker" [_thread_in_Java, id=14140, stack(0x000000559c600000,0x000000559c700000)]
  0x000001860b3a9f30 JavaThread "Asynchronous log dispatcher for DefaultDaemonConnection: socket connection from /127.0.0.1:4364 to /127.0.0.1:4365" [_thread_blocked, id=7304, stack(0x000000559c700000,0x000000559c800000)]
  0x000001860b3aa950 JavaThread "Stdin handler" [_thread_blocked, id=8928, stack(0x000000559c800000,0x000000559c900000)]
  0x000001860b3a9510 JavaThread "Daemon client event forwarder" [_thread_blocked, id=3940, stack(0x000000559c900000,0x000000559ca00000)]
  0x000001860b3aae60 JavaThread "Cache worker for journal cache (C:\Users\ASUS-PC\.gradle\caches\journal-1)" [_thread_blocked, id=14328, stack(0x000000559ca00000,0x000000559cb00000)]
  0x000001860b3ab370 JavaThread "File lock request listener" [_thread_in_native, id=14596, stack(0x000000559cb00000,0x000000559cc00000)]
  0x000001860b3a80d0 JavaThread "Cache worker for file hash cache (C:\Users\ASUS-PC\.gradle\caches\7.6.3\fileHashes)" [_thread_blocked, id=7848, stack(0x000000559cc00000,0x000000559cd00000)]
  0x000001860b3a85e0 JavaThread "File watcher server" daemon [_thread_in_native, id=3448, stack(0x000000559cd00000,0x000000559ce00000)]
  0x000001860bda9a10 JavaThread "File watcher consumer" daemon [_thread_blocked, id=10100, stack(0x000000559ce00000,0x000000559cf00000)]
  0x000001860bda85d0 JavaThread "Cache worker for checksums cache (D:\sitabung_proyek3\android\.gradle\7.6.3\checksums)" [_thread_blocked, id=15332, stack(0x000000559cf00000,0x000000559d000000)]
  0x000001860bda80c0 JavaThread "Cache worker for cache directory md-rule (C:\Users\ASUS-PC\.gradle\caches\7.6.3\md-rule)" [_thread_blocked, id=3064, stack(0x000000559d000000,0x000000559d100000)]
  0x000001860bda8ae0 JavaThread "Cache worker for file content cache (C:\Users\ASUS-PC\.gradle\caches\7.6.3\fileContent)" [_thread_blocked, id=7728, stack(0x000000559d100000,0x000000559d200000)]
  0x000001860bda6770 JavaThread "Cache worker for file hash cache (D:\sitabung_proyek3\android\.gradle\7.6.3\fileHashes)" [_thread_blocked, id=10924, stack(0x000000559d200000,0x000000559d300000)]
  0x000001860bda9500 JavaThread "Cache worker for cache directory md-supplier (C:\Users\ASUS-PC\.gradle\caches\7.6.3\md-supplier)" [_thread_blocked, id=9852, stack(0x000000559d300000,0x000000559d400000)]
  0x000001860bda9f20 JavaThread "Cache worker for execution history cache (C:\Users\ASUS-PC\.gradle\caches\7.6.3\executionHistory)" [_thread_blocked, id=12836, stack(0x000000559d400000,0x000000559d500000)]

Other Threads:
  0x00000185c4573010 VMThread "VM Thread" [stack: 0x000000559b000000,0x000000559b100000] [id=9796]
  0x00000185c47d9d30 WatcherThread [stack: 0x000000559bc00000,0x000000559bd00000] [id=1432]
  0x00000185a20a27e0 GCTaskThread "GC Thread#0" [stack: 0x000000559ab00000,0x000000559ac00000] [id=9652]
  0x00000185c49c3f90 GCTaskThread "GC Thread#1" [stack: 0x000000559be00000,0x000000559bf00000] [id=15180]
  0x00000185c497f810 GCTaskThread "GC Thread#2" [stack: 0x000000559bf00000,0x000000559c000000] [id=14344]
  0x000001860ad30c40 GCTaskThread "GC Thread#3" [stack: 0x000000559c000000,0x000000559c100000] [id=2676]
  0x00000185a20b3730 ConcurrentGCThread "G1 Main Marker" [stack: 0x000000559ac00000,0x000000559ad00000] [id=5616]
  0x00000185a20b48e0 ConcurrentGCThread "G1 Conc#0" [stack: 0x000000559ad00000,0x000000559ae00000] [id=4668]
  0x00000185c4440090 ConcurrentGCThread "G1 Refine#0" [stack: 0x000000559ae00000,0x000000559af00000] [id=14560]
  0x00000185c4441ad0 ConcurrentGCThread "G1 Service" [stack: 0x000000559af00000,0x000000559b000000] [id=13964]

Threads with active compile tasks:
C2 CompilerThread0     9982 3448       4       java.util.regex.Pattern::compile (500 bytes)

VM state: not at safepoint (normal execution)

VM Mutex/Monitor currently owned by a thread: None

Heap address: 0x0000000700000000, size: 4096 MB, Compressed Oops mode: Zero based, Oop shift amount: 3

CDS archive(s) mapped at: [0x00000185c5000000-0x00000185c5bd0000-0x00000185c5bd0000), size 12386304, SharedBaseAddress: 0x00000185c5000000, ArchiveRelocationMode: 1.
Compressed class space mapped at: 0x00000185c6000000-0x0000018606000000, reserved size: 1073741824
Narrow klass base: 0x00000185c5000000, Narrow klass shift: 0, Narrow klass range: 0x100000000

GC Precious Log:
 CPUs: 4 total, 4 available
 Memory: 3834M
 Large Page Support: Disabled
 NUMA Support: Disabled
 Compressed Oops: Enabled (Zero based)
 Heap Region Size: 2M
 Heap Min Capacity: 8M
 Heap Initial Capacity: 60M
 Heap Max Capacity: 4G
 Pre-touch: Disabled
 Parallel Workers: 4
 Concurrent Workers: 1
 Concurrent Refinement Workers: 4
 Periodic GC: Disabled

Heap:
 garbage-first heap   total 61440K, used 27142K [0x0000000700000000, 0x0000000800000000)
  region size 2048K, 3 young (6144K), 2 survivors (4096K)
 Metaspace       used 28741K, committed 29184K, reserved 1114112K
  class space    used 4033K, committed 4224K, reserved 1048576K

Heap Regions: E=young(eden), S=young(survivor), O=old, HS=humongous(starts), HC=humongous(continues), CS=collection set, F=free, OA=open archive, CA=closed archive, TAMS=top-at-mark-start (previous, next)
|   0|0x0000000700000000, 0x0000000700200000, 0x0000000700200000|100%| O|  |TAMS 0x0000000700200000, 0x0000000700000000| Untracked 
|   1|0x0000000700200000, 0x0000000700400000, 0x0000000700400000|100%|HS|  |TAMS 0x0000000700400000, 0x0000000700200000| Complete 
|   2|0x0000000700400000, 0x0000000700600000, 0x0000000700600000|100%|HC|  |TAMS 0x0000000700600000, 0x0000000700400000| Complete 
|   3|0x0000000700600000, 0x0000000700800000, 0x0000000700800000|100%| O|  |TAMS 0x0000000700800000, 0x0000000700600000| Untracked 
|   4|0x0000000700800000, 0x0000000700a00000, 0x0000000700a00000|100%| O|  |TAMS 0x0000000700a00000, 0x0000000700800000| Untracked 
|   5|0x0000000700a00000, 0x0000000700c00000, 0x0000000700c00000|100%| O|  |TAMS 0x0000000700c00000, 0x0000000700a00000| Untracked 
|   6|0x0000000700c00000, 0x0000000700e00000, 0x0000000700e00000|100%| O|  |TAMS 0x0000000700e00000, 0x0000000700c00000| Untracked 
|   7|0x0000000700e00000, 0x0000000701000000, 0x0000000701000000|100%| O|  |TAMS 0x0000000701000000, 0x0000000700e00000| Untracked 
|   8|0x0000000701000000, 0x0000000701200000, 0x0000000701200000|100%| O|  |TAMS 0x0000000701200000, 0x0000000701000000| Untracked 
|   9|0x0000000701200000, 0x0000000701200000, 0x0000000701400000|  0%| F|  |TAMS 0x0000000701200000, 0x0000000701200000| Untracked 
|  10|0x0000000701400000, 0x0000000701600000, 0x0000000701600000|100%| O|  |TAMS 0x0000000701400000, 0x0000000701400000| Untracked 
|  11|0x0000000701600000, 0x0000000701800000, 0x0000000701800000|100%| O|  |TAMS 0x0000000701600000, 0x0000000701600000| Untracked 
|  12|0x0000000701800000, 0x0000000701917e00, 0x0000000701a00000| 54%| O|  |TAMS 0x0000000701800000, 0x0000000701800000| Untracked 
|  13|0x0000000701a00000, 0x0000000701a00000, 0x0000000701c00000|  0%| F|  |TAMS 0x0000000701a00000, 0x0000000701a00000| Untracked 
|  14|0x0000000701c00000, 0x0000000701c00000, 0x0000000701e00000|  0%| F|  |TAMS 0x0000000701c00000, 0x0000000701c00000| Untracked 
|  15|0x0000000701e00000, 0x0000000701e00000, 0x0000000702000000|  0%| F|  |TAMS 0x0000000701e00000, 0x0000000701e00000| Untracked 
|  16|0x0000000702000000, 0x0000000702000000, 0x0000000702200000|  0%| F|  |TAMS 0x0000000702000000, 0x0000000702000000| Untracked 
|  17|0x0000000702200000, 0x0000000702369d90, 0x0000000702400000| 70%| S|CS|TAMS 0x0000000702200000, 0x0000000702200000| Complete 
|  18|0x0000000702400000, 0x0000000702600000, 0x0000000702600000|100%| S|CS|TAMS 0x0000000702400000, 0x0000000702400000| Complete 
|  19|0x0000000702600000, 0x0000000702600000, 0x0000000702800000|  0%| F|  |TAMS 0x0000000702600000, 0x0000000702600000| Untracked 
|  20|0x0000000702800000, 0x0000000702800000, 0x0000000702a00000|  0%| F|  |TAMS 0x0000000702800000, 0x0000000702800000| Untracked 
|  21|0x0000000702a00000, 0x0000000702a00000, 0x0000000702c00000|  0%| F|  |TAMS 0x0000000702a00000, 0x0000000702a00000| Untracked 
|  22|0x0000000702c00000, 0x0000000702c00000, 0x0000000702e00000|  0%| F|  |TAMS 0x0000000702c00000, 0x0000000702c00000| Untracked 
|  23|0x0000000702e00000, 0x0000000702e00000, 0x0000000703000000|  0%| F|  |TAMS 0x0000000702e00000, 0x0000000702e00000| Untracked 
|  24|0x0000000703000000, 0x0000000703000000, 0x0000000703200000|  0%| F|  |TAMS 0x0000000703000000, 0x0000000703000000| Untracked 
|  25|0x0000000703200000, 0x0000000703200000, 0x0000000703400000|  0%| F|  |TAMS 0x0000000703200000, 0x0000000703200000| Untracked 
|  26|0x0000000703400000, 0x0000000703400000, 0x0000000703600000|  0%| F|  |TAMS 0x0000000703400000, 0x0000000703400000| Untracked 
|  27|0x0000000703600000, 0x0000000703600000, 0x0000000703800000|  0%| F|  |TAMS 0x0000000703600000, 0x0000000703600000| Untracked 
|  28|0x0000000703800000, 0x0000000703800000, 0x0000000703a00000|  0%| F|  |TAMS 0x0000000703800000, 0x0000000703800000| Untracked 
|  29|0x0000000703a00000, 0x0000000703a58fc8, 0x0000000703c00000| 17%| E|  |TAMS 0x0000000703a00000, 0x0000000703a00000| Complete 

Card table byte_map: [0x00000185b90e0000,0x00000185b98e0000] _byte_map_base: 0x00000185b58e0000

Marking Bits (Prev, Next): (CMBitMap*) 0x00000185a20a2e40, (CMBitMap*) 0x00000185a20a2e00
 Prev Bits: [0x00000185be0e0000, 0x00000185c20e0000)
 Next Bits: [0x00000185ba0e0000, 0x00000185be0e0000)

Polling page: 0x00000185a1800000

Metaspace:

Usage:
  Non-class:     24.13 MB used.
      Class:      3.94 MB used.
       Both:     28.07 MB used.

Virtual space:
  Non-class space:       64.00 MB reserved,      24.38 MB ( 38%) committed,  1 nodes.
      Class space:        1.00 GB reserved,       4.12 MB ( <1%) committed,  1 nodes.
             Both:        1.06 GB reserved,      28.50 MB (  3%) committed. 

Chunk freelists:
   Non-Class:  6.94 MB
       Class:  11.91 MB
        Both:  18.84 MB

MaxMetaspaceSize: unlimited
CompressedClassSpaceSize: 1.00 GB
Initial GC threshold: 21.00 MB
Current GC threshold: 35.25 MB
CDS: on
MetaspaceReclaimPolicy: balanced
 - commit_granule_bytes: 65536.
 - commit_granule_words: 8192.
 - virtual_space_node_default_size: 8388608.
 - enlarge_chunks_in_place: 1.
 - new_chunks_are_fully_committed: 0.
 - uncommit_free_chunks: 1.
 - use_allocation_guard: 0.
 - handle_deallocations: 1.


Internal statistics:

num_allocs_failed_limit: 3.
num_arena_births: 278.
num_arena_deaths: 0.
num_vsnodes_births: 2.
num_vsnodes_deaths: 0.
num_space_committed: 456.
num_space_uncommitted: 0.
num_chunks_returned_to_freelist: 3.
num_chunks_taken_from_freelist: 1235.
num_chunk_merges: 0.
num_chunk_splits: 842.
num_chunks_enlarged: 622.
num_inconsistent_stats: 0.

CodeHeap 'non-profiled nmethods': size=120000Kb used=1734Kb max_used=1734Kb free=118265Kb
 bounds [0x00000185b13b0000, 0x00000185b1620000, 0x00000185b88e0000]
CodeHeap 'profiled nmethods': size=120000Kb used=7247Kb max_used=7247Kb free=112752Kb
 bounds [0x00000185a98e0000, 0x00000185aa000000, 0x00000185b0e10000]
CodeHeap 'non-nmethods': size=5760Kb used=1598Kb max_used=1621Kb free=4161Kb
 bounds [0x00000185b0e10000, 0x00000185b1080000, 0x00000185b13b0000]
 total_blobs=4096 nmethods=3449 adapters=558
 compilation: enabled
              stopped_count=0, restarted_count=0
 full_count=0

Compilation events (20 events):
Event: 9.763 Thread 0x00000185c45954c0 nmethod 3438 0x00000185b155d110 code [0x00000185b155d2e0, 0x00000185b155dc88]
Event: 9.763 Thread 0x00000185c45954c0 3440       4       java.util.regex.Matcher::reset (128 bytes)
Event: 9.770 Thread 0x00000185c45954c0 nmethod 3440 0x00000185b155e290 code [0x00000185b155e420, 0x00000185b155e6f8]
Event: 9.770 Thread 0x00000185c45954c0 3442       4       jdk.internal.jrtfs.JrtPath::normalize (97 bytes)
Event: 9.775 Thread 0x00000185c45954c0 nmethod 3442 0x00000185b155e910 code [0x00000185b155eaa0, 0x00000185b155eca8]
Event: 9.775 Thread 0x00000185c45954c0 3441       4       jdk.internal.jimage.ImageLocation::getAttribute (44 bytes)
Event: 9.776 Thread 0x00000185c45954c0 nmethod 3441 0x00000185b155ef10 code [0x00000185b155f080, 0x00000185b155f158]
Event: 9.776 Thread 0x00000185c45954c0 3443       4       java.util.regex.Matcher::find (69 bytes)
Event: 9.778 Thread 0x00000185c4595f70 3445       3       java.util.stream.SpinedBuffer::accept (94 bytes)
Event: 9.778 Thread 0x00000185c4595f70 nmethod 3445 0x00000185a9ff2710 code [0x00000185a9ff2900, 0x00000185a9ff3288]
Event: 9.793 Thread 0x00000185c45954c0 nmethod 3443 0x00000185b155f210 code [0x00000185b155f3e0, 0x00000185b155fa48]
Event: 9.793 Thread 0x00000185c45954c0 3439       4       jdk.internal.jimage.BasicImageReader::getString (35 bytes)
Event: 9.800 Thread 0x00000185c4595f70 3446       3       java.nio.MappedByteBuffer::position (8 bytes)
Event: 9.800 Thread 0x00000185c4595f70 nmethod 3446 0x00000185a9ff3510 code [0x00000185a9ff36c0, 0x00000185a9ff3868]
Event: 9.814 Thread 0x00000185c45954c0 nmethod 3439 0x00000185b155ff90 code [0x00000185b1560140, 0x00000185b1560a48]
Event: 9.814 Thread 0x00000185c45954c0 3444       4       java.util.regex.Pattern$LastNode::match (45 bytes)
Event: 9.815 Thread 0x00000185c45954c0 nmethod 3444 0x00000185b1560f10 code [0x00000185b1561080, 0x00000185b1561178]
Event: 9.820 Thread 0x00000185c45954c0 3447       4       java.util.Spliterators$1Adapter::accept (11 bytes)
Event: 9.822 Thread 0x00000185c45954c0 nmethod 3447 0x00000185b1561290 code [0x00000185b1561400, 0x00000185b1561558]
Event: 9.826 Thread 0x00000185c45954c0 3448       4       java.util.regex.Pattern::compile (500 bytes)

GC Heap History (20 events):
Event: 1.380 GC heap before
{Heap before GC invocations=1 (full 0):
 garbage-first heap   total 61440K, used 17655K [0x0000000700000000, 0x0000000800000000)
  region size 2048K, 7 young (14336K), 1 survivors (2048K)
 Metaspace       used 3039K, committed 3200K, reserved 1114112K
  class space    used 380K, committed 448K, reserved 1048576K
}
Event: 1.386 GC heap after
{Heap after GC invocations=2 (full 0):
 garbage-first heap   total 61440K, used 10102K [0x0000000700000000, 0x0000000800000000)
  region size 2048K, 1 young (2048K), 1 survivors (2048K)
 Metaspace       used 3039K, committed 3200K, reserved 1114112K
  class space    used 380K, committed 448K, reserved 1048576K
}
Event: 2.050 GC heap before
{Heap before GC invocations=2 (full 0):
 garbage-first heap   total 61440K, used 26486K [0x0000000700000000, 0x0000000800000000)
  region size 2048K, 9 young (18432K), 1 survivors (2048K)
 Metaspace       used 3883K, committed 4032K, reserved 1114112K
  class space    used 475K, committed 576K, reserved 1048576K
}
Event: 2.053 GC heap after
{Heap after GC invocations=3 (full 0):
 garbage-first heap   total 61440K, used 10568K [0x0000000700000000, 0x0000000800000000)
  region size 2048K, 2 young (4096K), 2 survivors (4096K)
 Metaspace       used 3883K, committed 4032K, reserved 1114112K
  class space    used 475K, committed 576K, reserved 1048576K
}
Event: 3.173 GC heap before
{Heap before GC invocations=3 (full 0):
 garbage-first heap   total 61440K, used 37192K [0x0000000700000000, 0x0000000800000000)
  region size 2048K, 16 young (32768K), 2 survivors (4096K)
 Metaspace       used 6433K, committed 6592K, reserved 1114112K
  class space    used 895K, committed 960K, reserved 1048576K
}
Event: 3.180 GC heap after
{Heap after GC invocations=4 (full 0):
 garbage-first heap   total 61440K, used 16128K [0x0000000700000000, 0x0000000800000000)
  region size 2048K, 2 young (4096K), 2 survivors (4096K)
 Metaspace       used 6433K, committed 6592K, reserved 1114112K
  class space    used 895K, committed 960K, reserved 1048576K
}
Event: 4.186 GC heap before
{Heap before GC invocations=4 (full 0):
 garbage-first heap   total 61440K, used 32512K [0x0000000700000000, 0x0000000800000000)
  region size 2048K, 11 young (22528K), 2 survivors (4096K)
 Metaspace       used 11163K, committed 11392K, reserved 1114112K
  class space    used 1540K, committed 1664K, reserved 1048576K
}
Event: 4.191 GC heap after
{Heap after GC invocations=5 (full 0):
 garbage-first heap   total 61440K, used 18706K [0x0000000700000000, 0x0000000800000000)
  region size 2048K, 2 young (4096K), 2 survivors (4096K)
 Metaspace       used 11163K, committed 11392K, reserved 1114112K
  class space    used 1540K, committed 1664K, reserved 1048576K
}
Event: 5.176 GC heap before
{Heap before GC invocations=5 (full 0):
 garbage-first heap   total 61440K, used 37138K [0x0000000700000000, 0x0000000800000000)
  region size 2048K, 11 young (22528K), 2 survivors (4096K)
 Metaspace       used 14460K, committed 14656K, reserved 1114112K
  class space    used 2071K, committed 2176K, reserved 1048576K
}
Event: 5.180 GC heap after
{Heap after GC invocations=6 (full 0):
 garbage-first heap   total 61440K, used 19987K [0x0000000700000000, 0x0000000800000000)
  region size 2048K, 1 young (2048K), 1 survivors (2048K)
 Metaspace       used 14460K, committed 14656K, reserved 1114112K
  class space    used 2071K, committed 2176K, reserved 1048576K
}
Event: 6.139 GC heap before
{Heap before GC invocations=6 (full 0):
 garbage-first heap   total 61440K, used 38419K [0x0000000700000000, 0x0000000800000000)
  region size 2048K, 11 young (22528K), 1 survivors (2048K)
 Metaspace       used 17812K, committed 18112K, reserved 1114112K
  class space    used 2605K, committed 2752K, reserved 1048576K
}
Event: 6.144 GC heap after
{Heap after GC invocations=7 (full 0):
 garbage-first heap   total 61440K, used 21262K [0x0000000700000000, 0x0000000800000000)
  region size 2048K, 2 young (4096K), 2 survivors (4096K)
 Metaspace       used 17812K, committed 18112K, reserved 1114112K
  class space    used 2605K, committed 2752K, reserved 1048576K
}
Event: 6.964 GC heap before
{Heap before GC invocations=7 (full 0):
 garbage-first heap   total 61440K, used 39694K [0x0000000700000000, 0x0000000800000000)
  region size 2048K, 12 young (24576K), 2 survivors (4096K)
 Metaspace       used 20841K, committed 21184K, reserved 1114112K
  class space    used 3077K, committed 3264K, reserved 1048576K
}
Event: 6.968 GC heap after
{Heap after GC invocations=8 (full 0):
 garbage-first heap   total 61440K, used 22155K [0x0000000700000000, 0x0000000800000000)
  region size 2048K, 2 young (4096K), 2 survivors (4096K)
 Metaspace       used 20841K, committed 21184K, reserved 1114112K
  class space    used 3077K, committed 3264K, reserved 1048576K
}
Event: 7.055 GC heap before
{Heap before GC invocations=8 (full 0):
 garbage-first heap   total 61440K, used 24203K [0x0000000700000000, 0x0000000800000000)
  region size 2048K, 4 young (8192K), 2 survivors (4096K)
 Metaspace       used 21155K, committed 21504K, reserved 1114112K
  class space    used 3129K, committed 3328K, reserved 1048576K
}
Event: 7.059 GC heap after
{Heap after GC invocations=9 (full 0):
 garbage-first heap   total 61440K, used 22412K [0x0000000700000000, 0x0000000800000000)
  region size 2048K, 1 young (2048K), 1 survivors (2048K)
 Metaspace       used 21155K, committed 21504K, reserved 1114112K
  class space    used 3129K, committed 3328K, reserved 1048576K
}
Event: 8.142 GC heap before
{Heap before GC invocations=10 (full 0):
 garbage-first heap   total 61440K, used 42892K [0x0000000700000000, 0x0000000800000000)
  region size 2048K, 12 young (24576K), 1 survivors (2048K)
 Metaspace       used 24854K, committed 25152K, reserved 1114112K
  class space    used 3644K, committed 3776K, reserved 1048576K
}
Event: 8.148 GC heap after
{Heap after GC invocations=11 (full 0):
 garbage-first heap   total 61440K, used 24068K [0x0000000700000000, 0x0000000800000000)
  region size 2048K, 2 young (4096K), 2 survivors (4096K)
 Metaspace       used 24854K, committed 25152K, reserved 1114112K
  class space    used 3644K, committed 3776K, reserved 1048576K
}
Event: 8.242 GC heap before
{Heap before GC invocations=11 (full 0):
 garbage-first heap   total 61440K, used 24068K [0x0000000700000000, 0x0000000800000000)
  region size 2048K, 3 young (6144K), 2 survivors (4096K)
 Metaspace       used 25383K, committed 25728K, reserved 1114112K
  class space    used 3675K, committed 3840K, reserved 1048576K
}
Event: 8.248 GC heap after
{Heap after GC invocations=12 (full 0):
 garbage-first heap   total 61440K, used 24363K [0x0000000700000000, 0x0000000800000000)
  region size 2048K, 1 young (2048K), 1 survivors (2048K)
 Metaspace       used 25383K, committed 25728K, reserved 1114112K
  class space    used 3675K, committed 3840K, reserved 1048576K
}

Deoptimization events (20 events):
Event: 8.752 Thread 0x000001860b3a9000 Uncommon trap: trap_request=0xffffff45 fr.pc=0x00000185b146fc24 relative=0x0000000000000084
Event: 8.752 Thread 0x000001860b3a9000 Uncommon trap: reason=unstable_if action=reinterpret pc=0x00000185b146fc24 method=jdk.internal.loader.URLClassPath$JarLoader.getResource(Ljava/lang/String;ZLjava/util/Set;)Ljdk/internal/loader/Resource; @ 17 c2
Event: 8.752 Thread 0x000001860b3a9000 DEOPT PACKING pc=0x00000185b146fc24 sp=0x000000559c6f7bf0
Event: 8.752 Thread 0x000001860b3a9000 DEOPT UNPACKING pc=0x00000185b0e65ba3 sp=0x000000559c6f7b38 mode 2
Event: 8.960 Thread 0x000001860b3a9000 Uncommon trap: trap_request=0xffffff45 fr.pc=0x00000185b14c12d0 relative=0x0000000000005f90
Event: 8.960 Thread 0x000001860b3a9000 Uncommon trap: reason=unstable_if action=reinterpret pc=0x00000185b14c12d0 method=java.lang.ClassLoader.getClassLoadingLock(Ljava/lang/String;)Ljava/lang/Object; @ 6 c2
Event: 8.960 Thread 0x000001860b3a9000 DEOPT PACKING pc=0x00000185b14c12d0 sp=0x000000559c6f8cd0
Event: 8.960 Thread 0x000001860b3a9000 DEOPT UNPACKING pc=0x00000185b0e65ba3 sp=0x000000559c6f8d00 mode 2
Event: 9.014 Thread 0x000001860b3a9000 Uncommon trap: trap_request=0xffffffc6 fr.pc=0x00000185b1504bf4 relative=0x0000000000004634
Event: 9.014 Thread 0x000001860b3a9000 Uncommon trap: reason=bimorphic_or_optimized_type_check action=maybe_recompile pc=0x00000185b1504bf4 method=java.net.URL.<init>(Ljava/net/URL;Ljava/lang/String;Ljava/net/URLStreamHandler;)V @ 504 c2
Event: 9.014 Thread 0x000001860b3a9000 DEOPT PACKING pc=0x00000185b1504bf4 sp=0x000000559c6f8450
Event: 9.014 Thread 0x000001860b3a9000 DEOPT UNPACKING pc=0x00000185b0e65ba3 sp=0x000000559c6f83f0 mode 2
Event: 9.457 Thread 0x000001860b3a9000 Uncommon trap: trap_request=0xffffff45 fr.pc=0x00000185b14a5700 relative=0x00000000000000e0
Event: 9.457 Thread 0x000001860b3a9000 Uncommon trap: reason=unstable_if action=reinterpret pc=0x00000185b14a5700 method=java.lang.ClassLoader.getClassLoadingLock(Ljava/lang/String;)Ljava/lang/Object; @ 6 c2
Event: 9.457 Thread 0x000001860b3a9000 DEOPT PACKING pc=0x00000185b14a5700 sp=0x000000559c6f8d60
Event: 9.457 Thread 0x000001860b3a9000 DEOPT UNPACKING pc=0x00000185b0e65ba3 sp=0x000000559c6f8d00 mode 2
Event: 9.462 Thread 0x000001860b3a9000 Uncommon trap: trap_request=0xffffff6e fr.pc=0x00000185b1550e84 relative=0x00000000000004a4
Event: 9.462 Thread 0x000001860b3a9000 Uncommon trap: reason=loop_limit_check action=maybe_recompile pc=0x00000185b1550e84 method=java.util.regex.Pattern$Start.match(Ljava/util/regex/Matcher;ILjava/lang/CharSequence;)Z @ 34 c2
Event: 9.462 Thread 0x000001860b3a9000 DEOPT PACKING pc=0x00000185b1550e84 sp=0x000000559c6f8aa0
Event: 9.462 Thread 0x000001860b3a9000 DEOPT UNPACKING pc=0x00000185b0e65ba3 sp=0x000000559c6f89e0 mode 2

Classes unloaded (0 events):
No events

Classes redefined (0 events):
No events

Internal exceptions (20 events):
Event: 6.982 Thread 0x000001860b3a9000 Exception <a 'java/lang/NoSuchMethodError'{0x0000000703a8f580}: 'java.lang.Object java.lang.invoke.Invokers$Holder.linkToTargetMethod(java.lang.Object, java.lang.Object, java.lang.Object, java.lang.Object, java.lang.Object, java.lang.Object, java.lang.Object, java.lang.Object, java.lang.Object, java.lang.Object, java.lang.Object)'> (0x0000000703a8f580) 
thrown [s\open\src\hotspot\share\interpreter\linkResolver.cpp, line 759]
Event: 6.996 Thread 0x000001860b3a9000 Exception <a 'java/lang/NoSuchMethodError'{0x0000000703ad6998}: 'java.lang.Object java.lang.invoke.DirectMethodHandle$Holder.invokeSpecial(java.lang.Object, java.lang.Object, java.lang.Object, java.lang.Object, java.lang.Object, java.lang.Object, java.lang.Object, java.lang.Object, java.lang.Object, java.lang.Object, java.lang.Object, java.lang.Object, java.lang.Object, java.lang.Object)'> (0x0000000703ad6998) 
thrown [s\open\src\hotspot\share\interpreter\linkResolver.cpp, line 759]
Event: 6.997 Thread 0x000001860b3a9000 Exception <a 'java/lang/NoSuchMethodError'{0x0000000703ae9010}: 'java.lang.Object java.lang.invoke.DirectMethodHandle$Holder.newInvokeSpecial(java.lang.Object, java.lang.Object, java.lang.Object, java.lang.Object, java.lang.Object, java.lang.Object, java.lang.Object, java.lang.Object, java.lang.Object, java.lang.Object, java.lang.Object, java.lang.Object)'> (0x0000000703ae9010) 
thrown [s\open\src\hotspot\share\interpreter\linkResolver.cpp, line 759]
Event: 6.997 Thread 0x000001860b3a9000 Exception <a 'java/lang/NoSuchMethodError'{0x0000000703aee9a8}: 'java.lang.Object java.lang.invoke.Invokers$Holder.linkToTargetMethod(java.lang.Object, java.lang.Object, java.lang.Object, java.lang.Object, java.lang.Object, java.lang.Object, java.lang.Object, java.lang.Object, java.lang.Object, java.lang.Object, java.lang.Object, java.lang.Object)'> (0x0000000703aee9a8) 
thrown [s\open\src\hotspot\share\interpreter\linkResolver.cpp, line 759]
Event: 7.026 Thread 0x000001860b3a9000 Exception <a 'java/lang/NoSuchMethodError'{0x0000000703b98d30}: 'java.lang.Object java.lang.invoke.DirectMethodHandle$Holder.invokeStaticInit(java.lang.Object, java.lang.Object, java.lang.Object, java.lang.Object)'> (0x0000000703b98d30) 
thrown [s\open\src\hotspot\share\interpreter\linkResolver.cpp, line 759]
Event: 7.203 Thread 0x000001860b3a9000 Exception <a 'java/lang/NoSuchMethodError'{0x0000000703455830}: 'java.lang.Object java.lang.invoke.DirectMethodHandle$Holder.newInvokeSpecial(java.lang.Object, java.lang.Object, java.lang.Object, java.lang.Object, java.lang.Object, java.lang.Object, java.lang.Object, java.lang.Object)'> (0x0000000703455830) 
thrown [s\open\src\hotspot\share\interpreter\linkResolver.cpp, line 759]
Event: 7.204 Thread 0x000001860b3a9000 Exception <a 'java/lang/NoSuchMethodError'{0x000000070345b610}: 'java.lang.Object java.lang.invoke.Invokers$Holder.linkToTargetMethod(java.lang.Object, java.lang.Object, java.lang.Object, java.lang.Object, java.lang.Object, java.lang.Object, java.lang.Object, java.lang.Object)'> (0x000000070345b610) 
thrown [s\open\src\hotspot\share\interpreter\linkResolver.cpp, line 759]
Event: 7.220 Thread 0x000001860b3a9000 Exception <a 'java/lang/IncompatibleClassChangeError'{0x00000007034ce120}: Found class java.lang.Object, but interface was expected> (0x00000007034ce120) 
thrown [s\open\src\hotspot\share\interpreter\linkResolver.cpp, line 826]
Event: 7.716 Thread 0x000001860b3a9000 Exception <a 'java/lang/NoSuchMethodError'{0x0000000702d74b58}: 'java.lang.Object java.lang.invoke.DirectMethodHandle$Holder.newInvokeSpecial(java.lang.Object, java.lang.Object, int, int)'> (0x0000000702d74b58) 
thrown [s\open\src\hotspot\share\interpreter\linkResolver.cpp, line 759]
Event: 8.007 Thread 0x000001860b3a9000 Exception <a 'java/lang/NoSuchMethodError'{0x00000007026f4610}: 'void java.lang.invoke.DirectMethodHandle$Holder.invokeStaticInit(java.lang.Object, java.lang.Object, java.lang.Object)'> (0x00000007026f4610) 
thrown [s\open\src\hotspot\share\interpreter\linkResolver.cpp, line 759]
Event: 8.009 Thread 0x000001860b3a9000 Exception <a 'java/lang/NoSuchMethodError'{0x00000007026fbab0}: 'void java.lang.invoke.DirectMethodHandle$Holder.invokeStaticInit(java.lang.Object, java.lang.Object, java.lang.Object, java.lang.Object)'> (0x00000007026fbab0) 
thrown [s\open\src\hotspot\share\interpreter\linkResolver.cpp, line 759]
Event: 8.014 Thread 0x000001860b3a9000 Exception <a 'java/lang/NoSuchMethodError'{0x000000070271dd98}: 'void java.lang.invoke.DirectMethodHandle$Holder.invokeStaticInit(java.lang.Object, java.lang.Object, java.lang.Object, java.lang.Object, java.lang.Object)'> (0x000000070271dd98) 
thrown [s\open\src\hotspot\share\interpreter\linkResolver.cpp, line 759]
Event: 8.043 Thread 0x000001860b3a9000 Exception <a 'java/lang/NoSuchMethodError'{0x0000000702778f28}: 'int java.lang.invoke.DirectMethodHandle$Holder.invokeStaticInit(java.lang.Object, java.lang.Object, java.lang.Object, java.lang.Object)'> (0x0000000702778f28) 
thrown [s\open\src\hotspot\share\interpreter\linkResolver.cpp, line 759]
Event: 8.763 Thread 0x000001860b3a9000 Exception <a 'java/lang/ClassNotFoundException'{0x00000007036a01b0}: groovy/lang/ExpandoMetaClassBeanInfo> (0x00000007036a01b0) 
thrown [s\open\src\hotspot\share\classfile\systemDictionary.cpp, line 256]
Event: 8.765 Thread 0x000001860b3a9000 Exception <a 'java/lang/ClassNotFoundException'{0x00000007036b6b68}: groovy/lang/MetaClassImplBeanInfo> (0x00000007036b6b68) 
thrown [s\open\src\hotspot\share\classfile\systemDictionary.cpp, line 256]
Event: 8.765 Thread 0x000001860b3a9000 Exception <a 'java/lang/ClassNotFoundException'{0x00000007036bbb20}: java/lang/ObjectBeanInfo> (0x00000007036bbb20) 
thrown [s\open\src\hotspot\share\classfile\systemDictionary.cpp, line 256]
Event: 8.767 Thread 0x000001860b3a9000 Exception <a 'java/lang/ClassNotFoundException'{0x00000007036c1458}: java/lang/ObjectCustomizer> (0x00000007036c1458) 
thrown [s\open\src\hotspot\share\classfile\systemDictionary.cpp, line 256]
Event: 8.800 Thread 0x000001860b3a9000 Exception <a 'java/lang/IncompatibleClassChangeError'{0x00000007036c5e80}: Found class java.lang.Object, but interface was expected> (0x00000007036c5e80) 
thrown [s\open\src\hotspot\share\interpreter\linkResolver.cpp, line 826]
Event: 8.812 Thread 0x000001860b3a9000 Exception <a 'java/lang/ClassNotFoundException'{0x00000007036e17f8}: groovy/lang/MetaClassImplCustomizer> (0x00000007036e17f8) 
thrown [s\open\src\hotspot\share\classfile\systemDictionary.cpp, line 256]
Event: 8.816 Thread 0x000001860b3a9000 Exception <a 'java/lang/ClassNotFoundException'{0x0000000703716c30}: groovy/lang/ExpandoMetaClassCustomizer> (0x0000000703716c30) 
thrown [s\open\src\hotspot\share\classfile\systemDictionary.cpp, line 256]

VM Operations (20 events):
Event: 8.142 Executing VM operation: G1CollectForAllocation
Event: 8.148 Executing VM operation: G1CollectForAllocation done
Event: 8.242 Executing VM operation: G1CollectForAllocation
Event: 8.248 Executing VM operation: G1CollectForAllocation done
Event: 8.327 Executing VM operation: HandshakeAllThreads
Event: 8.328 Executing VM operation: HandshakeAllThreads done
Event: 8.510 Executing VM operation: HandshakeAllThreads
Event: 8.510 Executing VM operation: HandshakeAllThreads done
Event: 9.015 Executing VM operation: HandshakeAllThreads
Event: 9.015 Executing VM operation: HandshakeAllThreads done
Event: 9.016 Executing VM operation: HandshakeAllThreads
Event: 9.016 Executing VM operation: HandshakeAllThreads done
Event: 9.031 Executing VM operation: HandshakeAllThreads
Event: 9.031 Executing VM operation: HandshakeAllThreads done
Event: 9.036 Executing VM operation: HandshakeAllThreads
Event: 9.036 Executing VM operation: HandshakeAllThreads done
Event: 9.486 Executing VM operation: HandshakeAllThreads
Event: 9.486 Executing VM operation: HandshakeAllThreads done
Event: 9.486 Executing VM operation: Cleanup
Event: 9.492 Executing VM operation: Cleanup done

Events (20 events):
Event: 9.481 loading class jdk/internal/jimage/ImageReader$Directory
Event: 9.482 loading class jdk/internal/jimage/ImageReader$Node
Event: 9.482 loading class jdk/internal/jimage/ImageReader$Node done
Event: 9.482 loading class jdk/internal/jimage/ImageReader$Directory done
Event: 9.483 loading class jdk/internal/jrtfs/SystemImage$1
Event: 9.483 loading class jdk/internal/jrtfs/SystemImage$1 done
Event: 9.483 loading class jdk/internal/jimage/ImageReader$SharedImageReader$LocationVisitor
Event: 9.484 loading class jdk/internal/jimage/ImageReader$SharedImageReader$LocationVisitor done
Event: 9.485 loading class java/nio/ByteBufferAsIntBufferL
Event: 9.485 loading class java/nio/ByteBufferAsIntBufferL done
Event: 9.497 loading class jdk/internal/jrtfs/JrtFileAttributes
Event: 9.507 loading class jdk/internal/jrtfs/JrtFileAttributes done
Event: 9.507 loading class jdk/internal/jrtfs/JrtDirectoryStream
Event: 9.515 loading class jdk/internal/jrtfs/JrtDirectoryStream done
Event: 9.517 loading class jdk/internal/jrtfs/JrtDirectoryStream$1
Event: 9.517 loading class jdk/internal/jrtfs/JrtDirectoryStream$1 done
Event: 9.518 loading class java/util/function/BooleanSupplier
Event: 9.527 loading class java/util/function/BooleanSupplier done
Event: 9.529 loading class jdk/internal/jimage/ImageReader$Resource
Event: 9.529 loading class jdk/internal/jimage/ImageReader$Resource done


Dynamic libraries:
0x00007ff65b2e0000 - 0x00007ff65b2f0000 	C:\Program Files\Java\jdk-17\bin\java.exe
0x00007fff73e10000 - 0x00007fff74027000 	C:\WINDOWS\SYSTEM32\ntdll.dll
0x00007fff72a10000 - 0x00007fff72ad4000 	C:\WINDOWS\System32\KERNEL32.DLL
0x00007fff71130000 - 0x00007fff714d7000 	C:\WINDOWS\System32\KERNELBASE.dll
0x00007fff71a20000 - 0x00007fff71b31000 	C:\WINDOWS\System32\ucrtbase.dll
0x00007fff63b90000 - 0x00007fff63ba9000 	C:\Program Files\Java\jdk-17\bin\jli.dll
0x00007fff72f40000 - 0x00007fff72ff2000 	C:\WINDOWS\System32\ADVAPI32.dll
0x00007fff72d70000 - 0x00007fff72e17000 	C:\WINDOWS\System32\msvcrt.dll
0x00007fff72cc0000 - 0x00007fff72d68000 	C:\WINDOWS\System32\sechost.dll
0x00007fff714e0000 - 0x00007fff71508000 	C:\WINDOWS\System32\bcrypt.dll
0x00007fff6bf60000 - 0x00007fff6bf7b000 	C:\Program Files\Java\jdk-17\bin\VCRUNTIME140.dll
0x00007fff73c60000 - 0x00007fff73d75000 	C:\WINDOWS\System32\RPCRT4.dll
0x00007fff72090000 - 0x00007fff7223e000 	C:\WINDOWS\System32\USER32.dll
0x00007fff71790000 - 0x00007fff717b6000 	C:\WINDOWS\System32\win32u.dll
0x00007fff62480000 - 0x00007fff62713000 	C:\WINDOWS\WinSxS\amd64_microsoft.windows.common-controls_6595b64144ccf1df_6.0.22621.3527_none_270e469b73872a76\COMCTL32.dll
0x00007fff73010000 - 0x00007fff73039000 	C:\WINDOWS\System32\GDI32.dll
0x00007fff71510000 - 0x00007fff71629000 	C:\WINDOWS\System32\gdi32full.dll
0x00007fff71630000 - 0x00007fff716ca000 	C:\WINDOWS\System32\msvcp_win.dll
0x00007fff63630000 - 0x00007fff6363a000 	C:\WINDOWS\SYSTEM32\VERSION.dll
0x00007fff71b40000 - 0x00007fff71b71000 	C:\WINDOWS\System32\IMM32.DLL
0x00007fff6e010000 - 0x00007fff6e01c000 	C:\Program Files\Java\jdk-17\bin\vcruntime140_1.dll
0x00007fff5f2d0000 - 0x00007fff5f35e000 	C:\Program Files\Java\jdk-17\bin\msvcp140.dll
0x00007fff011e0000 - 0x00007fff01dbf000 	C:\Program Files\Java\jdk-17\bin\server\jvm.dll
0x00007fff71b80000 - 0x00007fff71b88000 	C:\WINDOWS\System32\PSAPI.DLL
0x00007fff53d10000 - 0x00007fff53d19000 	C:\WINDOWS\SYSTEM32\WSOCK32.dll
0x00007fff73200000 - 0x00007fff73271000 	C:\WINDOWS\System32\WS2_32.dll
0x00007fff63ad0000 - 0x00007fff63b04000 	C:\WINDOWS\SYSTEM32\WINMM.dll
0x00007fff70150000 - 0x00007fff70168000 	C:\WINDOWS\SYSTEM32\kernel.appcore.dll
0x00007fff63b80000 - 0x00007fff63b8a000 	C:\Program Files\Java\jdk-17\bin\jimage.dll
0x00007fff6e9a0000 - 0x00007fff6ebd2000 	C:\WINDOWS\SYSTEM32\DBGHELP.DLL
0x00007fff71c20000 - 0x00007fff71fa8000 	C:\WINDOWS\System32\combase.dll
0x00007fff71fb0000 - 0x00007fff72087000 	C:\WINDOWS\System32\OLEAUT32.dll
0x00007fff62370000 - 0x00007fff623a2000 	C:\WINDOWS\SYSTEM32\dbgcore.DLL
0x00007fff71930000 - 0x00007fff719a9000 	C:\WINDOWS\System32\bcryptPrimitives.dll
0x00007fff63b50000 - 0x00007fff63b75000 	C:\Program Files\Java\jdk-17\bin\java.dll
0x00007fff48080000 - 0x00007fff48157000 	C:\Program Files\Java\jdk-17\bin\jsvml.dll
0x00007fff73400000 - 0x00007fff73c5c000 	C:\WINDOWS\System32\SHELL32.dll
0x00007fff6f070000 - 0x00007fff6f966000 	C:\WINDOWS\SYSTEM32\windows.storage.dll
0x00007fff6ef30000 - 0x00007fff6f06e000 	C:\WINDOWS\SYSTEM32\wintypes.dll
0x00007fff72e40000 - 0x00007fff72f35000 	C:\WINDOWS\System32\SHCORE.dll
0x00007fff72240000 - 0x00007fff7229e000 	C:\WINDOWS\System32\shlwapi.dll
0x00007fff71060000 - 0x00007fff71081000 	C:\WINDOWS\SYSTEM32\profapi.dll
0x00007fff633b0000 - 0x00007fff633c9000 	C:\Program Files\Java\jdk-17\bin\net.dll
0x00007fff69770000 - 0x00007fff698a6000 	C:\WINDOWS\SYSTEM32\WINHTTP.dll
0x00007fff705c0000 - 0x00007fff70629000 	C:\WINDOWS\system32\mswsock.dll
0x00007fff5f2b0000 - 0x00007fff5f2c6000 	C:\Program Files\Java\jdk-17\bin\nio.dll
0x00007fff5f290000 - 0x00007fff5f2a8000 	C:\Program Files\Java\jdk-17\bin\zip.dll
0x00007fff63b40000 - 0x00007fff63b50000 	C:\Program Files\Java\jdk-17\bin\verify.dll
0x00007fff5f260000 - 0x00007fff5f287000 	C:\Users\ASUS-PC\.gradle\native\c067742578af261105cb4f569cf0c3c89f3d7b1fecec35dd04571415982c5e48\windows-amd64\native-platform.dll
0x00007fff47f30000 - 0x00007fff48074000 	C:\Users\ASUS-PC\.gradle\native\38dada09dfb8b06ba9b0570ebf7e218e3eb74d4ef43ca46872605cf95ebc2f47\windows-amd64\native-platform-file-events.dll
0x00007fff633a0000 - 0x00007fff633aa000 	C:\Program Files\Java\jdk-17\bin\management.dll
0x00007fff5f250000 - 0x00007fff5f25b000 	C:\Program Files\Java\jdk-17\bin\management_ext.dll
0x00007fff70820000 - 0x00007fff7083b000 	C:\WINDOWS\SYSTEM32\CRYPTSP.dll
0x00007fff700b0000 - 0x00007fff700e5000 	C:\WINDOWS\system32\rsaenh.dll
0x00007fff706c0000 - 0x00007fff706e8000 	C:\WINDOWS\SYSTEM32\USERENV.dll
0x00007fff70840000 - 0x00007fff7084c000 	C:\WINDOWS\SYSTEM32\CRYPTBASE.dll
0x00007fff6fbc0000 - 0x00007fff6fbed000 	C:\WINDOWS\SYSTEM32\IPHLPAPI.DLL
0x00007fff71c10000 - 0x00007fff71c19000 	C:\WINDOWS\System32\NSI.dll
0x00007fff69750000 - 0x00007fff69769000 	C:\WINDOWS\SYSTEM32\dhcpcsvc6.DLL
0x00007fff69730000 - 0x00007fff6974f000 	C:\WINDOWS\SYSTEM32\dhcpcsvc.DLL
0x00007fff6fbf0000 - 0x00007fff6fce8000 	C:\WINDOWS\SYSTEM32\DNSAPI.dll
0x00007fff5f200000 - 0x00007fff5f20e000 	C:\Program Files\Java\jdk-17\bin\sunmscapi.dll
0x00007fff717c0000 - 0x00007fff71928000 	C:\WINDOWS\System32\CRYPT32.dll
0x00007fff709e0000 - 0x00007fff70a0e000 	C:\WINDOWS\SYSTEM32\ncrypt.dll
0x00007fff709a0000 - 0x00007fff709d7000 	C:\WINDOWS\SYSTEM32\NTASN1.dll
0x00007fff4bd10000 - 0x00007fff4bd18000 	C:\WINDOWS\system32\wshunix.dll

dbghelp: loaded successfully - version: 4.0.5 - missing functions: none
symbol engine: initialized successfully - sym options: 0x614 - pdb path: .;C:\Program Files\Java\jdk-17\bin;C:\WINDOWS\SYSTEM32;C:\WINDOWS\WinSxS\amd64_microsoft.windows.common-controls_6595b64144ccf1df_6.0.22621.3527_none_270e469b73872a76;C:\Program Files\Java\jdk-17\bin\server;C:\Users\ASUS-PC\.gradle\native\c067742578af261105cb4f569cf0c3c89f3d7b1fecec35dd04571415982c5e48\windows-amd64;C:\Users\ASUS-PC\.gradle\native\38dada09dfb8b06ba9b0570ebf7e218e3eb74d4ef43ca46872605cf95ebc2f47\windows-amd64

VM Arguments:
jvm_args: --add-opens=java.base/java.util=ALL-UNNAMED --add-opens=java.base/java.lang=ALL-UNNAMED --add-opens=java.base/java.lang.invoke=ALL-UNNAMED --add-opens=java.prefs/java.util.prefs=ALL-UNNAMED --add-opens=java.base/java.nio.charset=ALL-UNNAMED --add-opens=java.base/java.net=ALL-UNNAMED --add-opens=java.base/java.util.concurrent.atomic=ALL-UNNAMED -Xmx4G -Dfile.encoding=windows-1252 -Duser.country=US -Duser.language=en -Duser.variant 
java_command: org.gradle.launcher.daemon.bootstrap.GradleDaemon 7.6.3
java_class_path (initial): C:\Users\ASUS-PC\.gradle\wrapper\dists\gradle-7.6.3-all\aocdy2d2z8kodnny3rsumj8i8\gradle-7.6.3\lib\gradle-launcher-7.6.3.jar
Launcher Type: SUN_STANDARD

[Global flags]
     intx CICompilerCount                          = 3                                         {product} {ergonomic}
     uint ConcGCThreads                            = 1                                         {product} {ergonomic}
     uint G1ConcRefinementThreads                  = 4                                         {product} {ergonomic}
   size_t G1HeapRegionSize                         = 2097152                                   {product} {ergonomic}
    uintx GCDrainStackTargetSize                   = 64                                        {product} {ergonomic}
   size_t InitialHeapSize                          = 62914560                                  {product} {ergonomic}
   size_t MarkStackSize                            = 4194304                                   {product} {ergonomic}
   size_t MaxHeapSize                              = 4294967296                                {product} {command line}
   size_t MaxNewSize                               = 2575302656                                {product} {ergonomic}
   size_t MinHeapDeltaBytes                        = 2097152                                   {product} {ergonomic}
   size_t MinHeapSize                              = 8388608                                   {product} {ergonomic}
    uintx NonNMethodCodeHeapSize                   = 5832780                                {pd product} {ergonomic}
    uintx NonProfiledCodeHeapSize                  = 122912730                              {pd product} {ergonomic}
    uintx ProfiledCodeHeapSize                     = 122912730                              {pd product} {ergonomic}
    uintx ReservedCodeCacheSize                    = 251658240                              {pd product} {ergonomic}
     bool SegmentedCodeCache                       = true                                      {product} {ergonomic}
   size_t SoftMaxHeapSize                          = 4294967296                             {manageable} {ergonomic}
     bool UseCompressedClassPointers               = true                           {product lp64_product} {ergonomic}
     bool UseCompressedOops                        = true                           {product lp64_product} {ergonomic}
     bool UseG1GC                                  = true                                      {product} {ergonomic}
     bool UseLargePagesIndividualAllocation        = false                                  {pd product} {ergonomic}

Logging:
Log output configuration:
 #0: stdout all=warning uptime,level,tags
 #1: stderr all=off uptime,level,tags

Environment Variables:
JAVA_HOME=C:\Program Files\Java\jdk-17\
CLASSPATH=D:\sitabung_proyek3\android\\gradle\wrapper\gradle-wrapper.jar
PATH=C:\Program Files\Java\jdk-17\bin;C:\app\ASUS-PC\product\21c\dbhomeXE\bin;C:\Program Files\Common Files\Oracle\Java\javapath;C:\Program Files (x86)\Common Files\Intel\Shared Files\cpp\bin\Intel64;C:\WINDOWS\system32;C:\WINDOWS;C:\WINDOWS\System32\Wbem;C:\WINDOWS\System32\WindowsPowerShell\v1.0\;C:\WINDOWS\System32\OpenSSH\;D:\Git\cmd;C:\xamppp\php;C:\ProgramData\ComposerSetup\bin;ASUS-PC\AppData\Roaming\Composer\vendor\bin;C:\Program Files\nodejs\;C:\xampp-new\php;C:\Program Files\Java\jdk-17\bin;C:\Program Files (x86)\Rational\common;D:\cmdline-tools\platform-tools;D:\cmdline-tools\platforms;D:\flutter\bin;C:\Users\ASUS-PC\AppData\Local\Programs\Python\Python311\Scripts\;C:\Users\ASUS-PC\AppData\Local\Programs\Python\Python311\;C:\Users\ASUS-PC\AppData\Local\Microsoft\WindowsApps;D:\Microsoft VS Code\bin;C:\Users\ASUS-PC\AppData\Roaming\Composer\vendor\bin;C:\Users\ASUS-PC\AppData\Roaming\npm;;D:\flutter\bin\mingit\cmd;D:\flutter\bin\mingit\cmd
USERNAME=ASUS-PC
OS=Windows_NT
PROCESSOR_IDENTIFIER=Intel64 Family 6 Model 126 Stepping 5, GenuineIntel



---------------  S Y S T E M  ---------------

OS:
 Windows 11 , 64 bit Build 22621 (10.0.22621.3527)
OS uptime: 0 days 1:09 hours

CPU: total 4 (initial active 4) (2 cores per cpu, 2 threads per core) family 6 model 126 stepping 5 microcode 0xa8, cx8, cmov, fxsr, ht, mmx, 3dnowpref, sse, sse2, sse3, ssse3, sse4.1, sse4.2, popcnt, lzcnt, tsc, tscinvbit, avx, avx2, aes, erms, clmul, bmi1, bmi2, adx, avx512f, avx512dq, avx512cd, avx512bw, avx512vl, sha, fma, vzeroupper, avx512_vpopcntdq, avx512_vpclmulqdq, avx512_vaes, avx512_vnni, clflush, clflushopt, avx512_vbmi2, avx512_vbmi

Memory: 4k page, system-wide physical 3834M (183M free)
TotalPageFile size 11834M (AvailPageFile size 4M)
current process WorkingSet (physical memory assigned to process): 184M, peak: 184M
current process commit charge ("private bytes"): 216M, peak: 217M

vm_info: Java HotSpot(TM) 64-Bit Server VM (17.0.10+11-LTS-240) for windows-amd64 JRE (17.0.10+11-LTS-240), built on Dec 19 2023 21:47:25 by "mach5one" with MS VC++ 17.1 (VS2022)

END.
